#
# A fatal error has been detected by the Java Runtime Environment:
#
#  SIGSEGV (0xb) at pc=0x00007fff62546ea9, pid=16402, tid=0x0000000000000307
#
# JRE version: Java(TM) SE Runtime Environment (8.0_181-b13) (build 1.8.0_181-b13)
# Java VM: Java HotSpot(TM) 64-Bit Server VM (25.181-b13 mixed mode bsd-amd64 compressed oops)
# Problematic frame:
# C  [libobjc.A.dylib+0x6ea9]  objc_msgSend+0x29
#
# Failed to write core dump. Core dumps have been disabled. To enable core dumping, try "ulimit -c unlimited" before starting Java again
#
# If you would like to submit a bug report, please visit:
#   http://bugreport.java.com/bugreport/crash.jsp
# The crash happened outside the Java Virtual Machine in native code.
# See problematic frame for where to report the bug.
#

---------------  T H R E A D  ---------------

Current thread (0x00007fe7f7824800):  JavaThread "AWT-AppKit" daemon [_thread_in_native, id=775, stack(0x00007ffeedc79000,0x00007ffeee479000)]

siginfo: si_signo: 11 (SIGSEGV), si_code: 1 (SEGV_MAPERR), si_addr: 0x0000000000000000

Registers:
RAX=0x00007fe7fd9ca7d0, RBX=0x00000001259fd450, RCX=0x0000000000000001, RDX=0x0000000000000000
RSP=0x00007ffeee4742b8, RBP=0x00007ffeee474370, RSI=0x00007fff3955b31e, RDI=0x00007fe7fdac6b30
R8 =0x000000007f5f0051, R9 =0x0000000000000001, R10=0x00007fe7f8011800, R11=0x0000000000000000
R12=0x0000000000000000, R13=0x0000000196b60818, R14=0x00000001259fd440, R15=0x00007fe7f7824800
RIP=0x00007fff62546ea9, EFLAGS=0x0000000000010246, ERR=0x0000000000000004
  TRAPNO=0x000000000000000e

Top of Stack: (sp=0x00007ffeee4742b8)
0x00007ffeee4742b8:   00000001259fb157 00007ffeee474310
0x00007ffeee4742c8:   0000000000000003 00007ffeee4742f0
0x00007ffeee4742d8:   000000010294364e 0000000196b60818
0x00007ffeee4742e8:   0000000196b60818 00007fe7fd9ca7d0
0x00007ffeee4742f8:   00000001259fd6a0 00000001259fd710
0x00007ffeee474308:   00007fff953fab38 00007fff96b4a178
0x00007ffeee474318:   00000001259fd450 00000001259fd690
0x00007ffeee474328:   00007fe7fd9ca7d0 00007fe7fdac6b30
0x00007ffeee474338:   00007fe7f4551370 00007fe7fd9ca7d0
0x00007ffeee474348:   00007fe7fdac6b30 00007ffeee4743f8
0x00007ffeee474358:   00007fe7f78249f8 0000000196b60818
0x00007ffeee474368:   00007ffeee474420 00007ffeee4743e8
0x00007ffeee474378:   000000010b989667 0000000196b60818
0x00007ffeee474388:   00007ffeee474420 00007ffeee4743e8
0x00007ffeee474398:   000000010b9893c7 000000010b989382
0x00007ffeee4743a8:   00007ffeee4743a8 0000000196b60818
0x00007ffeee4743b8:   00007ffeee474420 0000000196b63450
0x00007ffeee4743c8:   0000000000000000 0000000196b60818
0x00007ffeee4743d8:   0000000000000000 00007ffeee474408
0x00007ffeee4743e8:   00007ffeee474468 000000010b9792bd
0x00007ffeee4743f8:   00000006c00a9d10 000000010b982d18
0x00007ffeee474408:   00007fe7fd9ca7d0 00007ffeee474468
0x00007ffeee474418:   00007fe7fdac6b30 000000010b984782
0x00007ffeee474428:   00007ffeee474428 0000000196b609e2
0x00007ffeee474438:   00007ffeee474490 0000000196b63450
0x00007ffeee474448:   0000000000000000 0000000196b609f0
0x00007ffeee474458:   00007ffeee474408 00007ffeee474478
0x00007ffeee474468:   00007ffeee4744d8 000000010b9792bd
0x00007ffeee474478:   00007fe7fd9ca7d0 00000006c0162d90
0x00007ffeee474488:   00007fe7fdac6b30 00000006c0162d90
0x00007ffeee474498:   00007ffeee474498 0000000198323c06
0x00007ffeee4744a8:   00007ffeee4744e8 0000000198323cc0 

Instructions: (pc=0x00007fff62546ea9)
0x00007fff62546e89:   01 2e 75 66 49 ba f8 ff ff ff ff 7f 00 00 4c 23
0x00007fff62546e99:   17 49 89 f3 45 23 5a 18 49 c1 e3 04 4d 03 5a 10
0x00007fff62546ea9:   49 3b 33 75 04 41 ff 63 08 49 83 3b 01 76 0d 49
0x00007fff62546eb9:   83 c3 10 49 3b 33 75 f1 41 ff 63 08 72 64 4d 8b 

Register to memory mapping:

RAX=0x00007fe7fd9ca7d0 is an unknown value
RBX=0x00000001259fd450: Java_jogamp_nativewindow_macosx_OSXUtil_GetScreenRefreshRate0+0x1cf0 in /private/var/folders/39/2n8f3lmx0c16kyn2kvwy0dxc0000gn/T/jogamp_0000/file_cache/jln2027524904983699709/jln8708853873542956502/libnativewindow_macosx.jnilib at 0x00000001259f6000
RCX=0x0000000000000001 is an unknown value
RDX=0x0000000000000000 is an unknown value
RSP=0x00007ffeee4742b8 is pointing into the stack for thread: 0x00007fe7f7824800
RBP=0x00007ffeee474370 is pointing into the stack for thread: 0x00007fe7f7824800
RSI=0x00007fff3955b31e: .str.41.llvm.C4DC25C8+0x43861 in /System/Library/Frameworks/AppKit.framework/Versions/C/AppKit at 0x00007fff38881000
RDI=0x00007fe7fdac6b30 is an unknown value
R8 =0x000000007f5f0051 is an unknown value
R9 =0x0000000000000001 is an unknown value
R10=0x00007fe7f8011800 is an unknown value
R11=0x0000000000000000 is an unknown value
R12=0x0000000000000000 is an unknown value
R13={method} {0x0000000196b60818} 'UnsetJAWTRootSurfaceLayer0' '(JJ)V' in 'jogamp/nativewindow/jawt/macosx/MacOSXJAWTWindow'
R14=0x00000001259fd440: Java_jogamp_nativewindow_macosx_OSXUtil_GetScreenRefreshRate0+0x1ce0 in /private/var/folders/39/2n8f3lmx0c16kyn2kvwy0dxc0000gn/T/jogamp_0000/file_cache/jln2027524904983699709/jln8708853873542956502/libnativewindow_macosx.jnilib at 0x00000001259f6000
R15=0x00007fe7f7824800 is a thread


Stack: [0x00007ffeedc79000,0x00007ffeee479000],  sp=0x00007ffeee4742b8,  free space=8172k
Native frames: (J=compiled Java code, j=interpreted, Vv=VM code, C=native code)
C  [libobjc.A.dylib+0x6ea9]  objc_msgSend+0x29
j  jogamp.nativewindow.jawt.macosx.MacOSXJAWTWindow.UnsetJAWTRootSurfaceLayer0(JJ)V+0
j  jogamp.nativewindow.jawt.macosx.MacOSXJAWTWindow.access$200(JJ)V+2
j  jogamp.nativewindow.jawt.macosx.MacOSXJAWTWindow$1.run()V+38
j  com.jogamp.common.util.RunnableTask.run()V+24
v  ~StubRoutines::call_stub
V  [libjvm.dylib+0x2efcba]
V  [libjvm.dylib+0x326ff8]
V  [libjvm.dylib+0x3197db]
C  [libnativewindow_macosx.jnilib+0x5326]  Java_jogamp_nativewindow_jawt_macosx_MacOSXJAWTWindow_UnsetJAWTRootSurfaceLayer0+0x2b6
C  [Foundation+0x682b5]  __NSThreadPerformPerform+0x14e
C  [CoreFoundation+0xa3a11]  __CFRUNLOOP_IS_CALLING_OUT_TO_A_SOURCE0_PERFORM_FUNCTION__+0x11
C  [CoreFoundation+0x15d42c]  __CFRunLoopDoSource0+0x6c
C  [CoreFoundation+0x864cc]  __CFRunLoopDoSources0+0x12c
C  [CoreFoundation+0x858ed]  __CFRunLoopRun+0x50d
C  [CoreFoundation+0x85153]  CFRunLoopRunSpecific+0x1e3
C  [HIToolbox+0x2fd96]  RunCurrentEventLoopInMode+0x11e
C  [HIToolbox+0x2fa0f]  ReceiveNextEventCommon+0x16e
C  [HIToolbox+0x2f884]  _BlockUntilNextEventMatchingListInModeWithFilter+0x40
C  [AppKit+0x41a73]  _DPSNextEvent+0x825
C  [AppKit+0x7d7e34]  -[NSApplication(NSEvent) _nextEventMatchingEventMask:untilDate:inMode:dequeue:]+0xbe4
C  [libosxapp.dylib+0x2328]  -[NSApplicationAWT nextEventMatchingMask:untilDate:inMode:dequeue:]+0x7c
C  [AppKit+0x36885]  -[NSApplication run]+0x2fc
C  [libosxapp.dylib+0x1f72]  +[NSApplicationAWT runAWTLoopWithApp:]+0x9c
C  [libawt_lwawt.dylib+0x4711f]  -[AWTStarter starter:]+0x389
C  [Foundation+0x682b5]  __NSThreadPerformPerform+0x14e
C  [CoreFoundation+0xa3a11]  __CFRUNLOOP_IS_CALLING_OUT_TO_A_SOURCE0_PERFORM_FUNCTION__+0x11
C  [CoreFoundation+0x15d42c]  __CFRunLoopDoSource0+0x6c
C  [CoreFoundation+0x86470]  __CFRunLoopDoSources0+0xd0
C  [CoreFoundation+0x858ed]  __CFRunLoopRun+0x50d
C  [CoreFoundation+0x85153]  CFRunLoopRunSpecific+0x1e3
C  [java+0x646e]  CreateExecutionEnvironment+0x367
C  [java+0x203c]  JLI_Launch+0x7a0
C  [java+0x84cb]  main+0x65
C  [java+0x1894]  start+0x34
C  0x0000000000000007

Java frames: (J=compiled Java code, j=interpreted, Vv=VM code)
j  jogamp.nativewindow.jawt.macosx.MacOSXJAWTWindow.UnsetJAWTRootSurfaceLayer0(JJ)V+0
j  jogamp.nativewindow.jawt.macosx.MacOSXJAWTWindow.access$200(JJ)V+2
j  jogamp.nativewindow.jawt.macosx.MacOSXJAWTWindow$1.run()V+38
j  com.jogamp.common.util.RunnableTask.run()V+24
v  ~StubRoutines::call_stub

---------------  P R O C E S S  ---------------

Java Threads: ( => current thread )
  0x00007fe7ff1d6000 JavaThread "Thread-19" [_thread_blocked, id=28839, stack(0x0000700010eca000,0x0000700010fca000)]
  0x00007fe7f6ad0800 JavaThread "Animation Thread" [_thread_blocked, id=59083, stack(0x0000700011565000,0x0000700011665000)]
  0x00007fe7f50cf800 JavaThread "AWT-EventQueue-1" [_thread_blocked, id=65071, stack(0x00007000116eb000,0x00007000117eb000)]
  0x00007fe7f69e2000 JavaThread "DestroyJavaVM" [_thread_blocked, id=9987, stack(0x000070000fa0b000,0x000070000fb0b000)]
  0x00007fe7f51e2000 JavaThread "AWT-EventQueue-0" [_thread_blocked, id=55567, stack(0x0000700011462000,0x0000700011562000)]
  0x00007fe7f7138800 JavaThread "Java2D Disposer" daemon [_thread_blocked, id=54799, stack(0x000070001125c000,0x000070001135c000)]
  0x00007fe7f7173800 JavaThread "Java2D Queue Flusher" daemon [_thread_blocked, id=54539, stack(0x0000700011159000,0x0000700011259000)]
  0x00007fe7f50c9800 JavaThread "AWT-Shutdown" [_thread_blocked, id=37675, stack(0x0000700010d44000,0x0000700010e44000)]
=>0x00007fe7f7824800 JavaThread "AWT-AppKit" daemon [_thread_in_native, id=775, stack(0x00007ffeedc79000,0x00007ffeee479000)]
  0x00007fe7f4818800 JavaThread "Service Thread" daemon [_thread_blocked, id=16643, stack(0x0000700010b3e000,0x0000700010c3e000)]
  0x00007fe7f4816000 JavaThread "C1 CompilerThread3" daemon [_thread_blocked, id=16131, stack(0x0000700010a3b000,0x0000700010b3b000)]
  0x00007fe7f4815000 JavaThread "C2 CompilerThread2" daemon [_thread_blocked, id=17155, stack(0x0000700010938000,0x0000700010a38000)]
  0x00007fe7f7816000 JavaThread "C2 CompilerThread1" daemon [_thread_blocked, id=17667, stack(0x0000700010835000,0x0000700010935000)]
  0x00007fe7f5051800 JavaThread "C2 CompilerThread0" daemon [_thread_blocked, id=15363, stack(0x0000700010732000,0x0000700010832000)]
  0x00007fe7f5050800 JavaThread "Signal Dispatcher" daemon [_thread_blocked, id=15107, stack(0x000070001062f000,0x000070001072f000)]
  0x00007fe7f502f800 JavaThread "Finalizer" daemon [_thread_blocked, id=18947, stack(0x000070001052c000,0x000070001062c000)]
  0x00007fe7f502e800 JavaThread "Reference Handler" daemon [_thread_blocked, id=12291, stack(0x0000700010429000,0x0000700010529000)]

Other Threads:
  0x00007fe7f502c000 VMThread [stack: 0x0000700010326000,0x0000700010426000] [id=19715]
  0x00007fe7f7018000 WatcherThread [stack: 0x0000700010c41000,0x0000700010d41000] [id=21763]

VM state:not at safepoint (normal execution)

VM Mutex/Monitor currently owned by a thread: None

Heap:
 PSYoungGen      total 149504K, used 27074K [0x000000076ab00000, 0x0000000779080000, 0x00000007c0000000)
  eden space 144896K, 15% used [0x000000076ab00000,0x000000076c0f4ab0,0x0000000773880000)
  from space 4608K, 99% used [0x0000000778c00000,0x000000077907c0c0,0x0000000779080000)
  to   space 12288K, 0% used [0x0000000777880000,0x0000000777880000,0x0000000778480000)
 ParOldGen       total 90624K, used 16056K [0x00000006c0000000, 0x00000006c5880000, 0x000000076ab00000)
  object space 90624K, 17% used [0x00000006c0000000,0x00000006c0fae1c0,0x00000006c5880000)
 Metaspace       used 24695K, capacity 25139K, committed 25472K, reserved 1073152K
  class space    used 2475K, capacity 2590K, committed 2688K, reserved 1048576K

Card table byte_map: [0x0000000103bea000,0x00000001043eb000] byte_map_base: 0x00000001005ea000

Marking Bits: (ParMarkBitMap*) 0x00000001030f9cd0
 Begin Bits: [0x000000011a971000, 0x000000011e971000)
 End Bits:   [0x000000011e971000, 0x0000000122971000)

Polling page: 0x00000001017d6000

CodeCache: size=245760Kb used=10557Kb max_used=11690Kb free=235202Kb
 bounds [0x000000010b971000, 0x000000010c4f1000, 0x000000011a971000]
 total_blobs=4007 nmethods=3057 adapters=863
 compilation: enabled

Compilation events (10 events):
Event: 189.670 Thread 0x00007fe7f4816000 nmethod 3524 0x000000010c168250 code [0x000000010c1683c0, 0x000000010c168788]
Event: 189.670 Thread 0x00007fe7f4816000 3523       1       java.lang.reflect.Constructor::getConstructorAccessor (5 bytes)
Event: 189.670 Thread 0x00007fe7f4816000 nmethod 3523 0x000000010c106f90 code [0x000000010c1070e0, 0x000000010c1071f0]
Event: 189.671 Thread 0x00007fe7f4816000 3525       3       java.lang.invoke.MethodType::basicType (8 bytes)
Event: 189.672 Thread 0x00007fe7f4816000 nmethod 3525 0x000000010c1a14d0 code [0x000000010c1a1640, 0x000000010c1a1830]
Event: 189.672 Thread 0x00007fe7f7816000 nmethod 3522 0x000000010c19fd50 code [0x000000010c19fee0, 0x000000010c1a0188]
Event: 189.672 Thread 0x00007fe7f4816000 3526       3       jdk.internal.org.objectweb.asm.ClassWriter::newNameTypeItem (71 bytes)
Event: 189.672 Thread 0x00007fe7f4816000 nmethod 3526 0x000000010c302390 code [0x000000010c302580, 0x000000010c302a98]
Event: 189.673 Thread 0x00007fe7f4816000 3527       3       java.lang.invoke.LambdaForm::uncustomize (58 bytes)
Event: 189.673 Thread 0x00007fe7f4816000 nmethod 3527 0x000000010bb4cd90 code [0x000000010bb4cf00, 0x000000010bb4d1b0]

GC Heap History (10 events):
Event: 63.070 GC heap before
{Heap before GC invocations=7 (full 1):
 PSYoungGen      total 119808K, used 119626K [0x000000076ab00000, 0x0000000776200000, 0x00000007c0000000)
  eden space 109056K, 100% used [0x000000076ab00000,0x0000000771580000,0x0000000771580000)
  from space 10752K, 98% used [0x0000000771580000,0x0000000771fd28a0,0x0000000772000000)
  to   space 13312K, 0% used [0x0000000775500000,0x0000000775500000,0x0000000776200000)
 ParOldGen       total 90624K, used 10030K [0x00000006c0000000, 0x00000006c5880000, 0x000000076ab00000)
  object space 90624K, 11% used [0x00000006c0000000,0x00000006c09cb9e0,0x00000006c5880000)
 Metaspace       used 24599K, capacity 25007K, committed 25216K, reserved 1071104K
  class space    used 2462K, capacity 2588K, committed 2688K, reserved 1048576K
Event: 63.079 GC heap after
Heap after GC invocations=7 (full 1):
 PSYoungGen      total 171008K, used 10618K [0x000000076ab00000, 0x0000000776080000, 0x00000007c0000000)
  eden space 159232K, 0% used [0x000000076ab00000,0x000000076ab00000,0x0000000774680000)
  from space 11776K, 90% used [0x0000000775500000,0x0000000775f5e890,0x0000000776080000)
  to   space 13312K, 0% used [0x0000000774680000,0x0000000774680000,0x0000000775380000)
 ParOldGen       total 90624K, used 10038K [0x00000006c0000000, 0x00000006c5880000, 0x000000076ab00000)
  object space 90624K, 11% used [0x00000006c0000000,0x00000006c09cd9e0,0x00000006c5880000)
 Metaspace       used 24599K, capacity 25007K, committed 25216K, reserved 1071104K
  class space    used 2462K, capacity 2588K, committed 2688K, reserved 1048576K
}
Event: 94.308 GC heap before
{Heap before GC invocations=8 (full 1):
 PSYoungGen      total 171008K, used 169850K [0x000000076ab00000, 0x0000000776080000, 0x00000007c0000000)
  eden space 159232K, 100% used [0x000000076ab00000,0x0000000774680000,0x0000000774680000)
  from space 11776K, 90% used [0x0000000775500000,0x0000000775f5e890,0x0000000776080000)
  to   space 13312K, 0% used [0x0000000774680000,0x0000000774680000,0x0000000775380000)
 ParOldGen       total 90624K, used 10038K [0x00000006c0000000, 0x00000006c5880000, 0x000000076ab00000)
  object space 90624K, 11% used [0x00000006c0000000,0x00000006c09cd9e0,0x00000006c5880000)
 Metaspace       used 24600K, capacity 25007K, committed 25216K, reserved 1071104K
  class space    used 2462K, capacity 2588K, committed 2688K, reserved 1048576K
Event: 94.316 GC heap after
Heap after GC invocations=8 (full 1):
 PSYoungGen      total 172544K, used 10602K [0x000000076ab00000, 0x0000000779c80000, 0x00000007c0000000)
  eden space 159232K, 0% used [0x000000076ab00000,0x000000076ab00000,0x0000000774680000)
  from space 13312K, 79% used [0x0000000774680000,0x00000007750da8a0,0x0000000775380000)
  to   space 12800K, 0% used [0x0000000779000000,0x0000000779000000,0x0000000779c80000)
 ParOldGen       total 90624K, used 10046K [0x00000006c0000000, 0x00000006c5880000, 0x000000076ab00000)
  object space 90624K, 11% used [0x00000006c0000000,0x00000006c09cf9e0,0x00000006c5880000)
 Metaspace       used 24600K, capacity 25007K, committed 25216K, reserved 1071104K
  class space    used 2462K, capacity 2588K, committed 2688K, reserved 1048576K
}
Event: 125.552 GC heap before
{Heap before GC invocations=9 (full 1):
 PSYoungGen      total 172544K, used 169834K [0x000000076ab00000, 0x0000000779c80000, 0x00000007c0000000)
  eden space 159232K, 100% used [0x000000076ab00000,0x0000000774680000,0x0000000774680000)
  from space 13312K, 79% used [0x0000000774680000,0x00000007750da8a0,0x0000000775380000)
  to   space 12800K, 0% used [0x0000000779000000,0x0000000779000000,0x0000000779c80000)
 ParOldGen       total 90624K, used 10046K [0x00000006c0000000, 0x00000006c5880000, 0x000000076ab00000)
  object space 90624K, 11% used [0x00000006c0000000,0x00000006c09cf9e0,0x00000006c5880000)
 Metaspace       used 24609K, capacity 25007K, committed 25216K, reserved 1071104K
  class space    used 2462K, capacity 2588K, committed 2688K, reserved 1048576K
Event: 125.559 GC heap after
Heap after GC invocations=9 (full 1):
 PSYoungGen      total 164864K, used 10666K [0x000000076ab00000, 0x0000000779a80000, 0x00000007c0000000)
  eden space 154112K, 0% used [0x000000076ab00000,0x000000076ab00000,0x0000000774180000)
  from space 10752K, 99% used [0x0000000779000000,0x0000000779a6a8a0,0x0000000779a80000)
  to   space 12800K, 0% used [0x0000000778180000,0x0000000778180000,0x0000000778e00000)
 ParOldGen       total 90624K, used 10054K [0x00000006c0000000, 0x00000006c5880000, 0x000000076ab00000)
  object space 90624K, 11% used [0x00000006c0000000,0x00000006c09d19e0,0x00000006c5880000)
 Metaspace       used 24609K, capacity 25007K, committed 25216K, reserved 1071104K
  class space    used 2462K, capacity 2588K, committed 2688K, reserved 1048576K
}
Event: 156.402 GC heap before
{Heap before GC invocations=10 (full 1):
 PSYoungGen      total 164864K, used 164778K [0x000000076ab00000, 0x0000000779a80000, 0x00000007c0000000)
  eden space 154112K, 100% used [0x000000076ab00000,0x0000000774180000,0x0000000774180000)
  from space 10752K, 99% used [0x0000000779000000,0x0000000779a6a8a0,0x0000000779a80000)
  to   space 12800K, 0% used [0x0000000778180000,0x0000000778180000,0x0000000778e00000)
 ParOldGen       total 90624K, used 10054K [0x00000006c0000000, 0x00000006c5880000, 0x000000076ab00000)
  object space 90624K, 11% used [0x00000006c0000000,0x00000006c09d19e0,0x00000006c5880000)
 Metaspace       used 24609K, capacity 25007K, committed 25216K, reserved 1071104K
  class space    used 2462K, capacity 2588K, committed 2688K, reserved 1048576K
Event: 156.408 GC heap after
Heap after GC invocations=10 (full 1):
 PSYoungGen      total 160256K, used 10634K [0x000000076ab00000, 0x0000000779080000, 0x00000007c0000000)
  eden space 149504K, 0% used [0x000000076ab00000,0x000000076ab00000,0x0000000773d00000)
  from space 10752K, 98% used [0x0000000778180000,0x0000000778be28a0,0x0000000778c00000)
  to   space 4608K, 0% used [0x0000000778c00000,0x0000000778c00000,0x0000000779080000)
 ParOldGen       total 90624K, used 10062K [0x00000006c0000000, 0x00000006c5880000, 0x000000076ab00000)
  object space 90624K, 11% used [0x00000006c0000000,0x00000006c09d39e0,0x00000006c5880000)
 Metaspace       used 24609K, capacity 25007K, committed 25216K, reserved 1071104K
  class space    used 2462K, capacity 2588K, committed 2688K, reserved 1048576K
}
Event: 186.417 GC heap before
{Heap before GC invocations=11 (full 1):
 PSYoungGen      total 160256K, used 160138K [0x000000076ab00000, 0x0000000779080000, 0x00000007c0000000)
  eden space 149504K, 100% used [0x000000076ab00000,0x0000000773d00000,0x0000000773d00000)
  from space 10752K, 98% used [0x0000000778180000,0x0000000778be28a0,0x0000000778c00000)
  to   space 4608K, 0% used [0x0000000778c00000,0x0000000778c00000,0x0000000779080000)
 ParOldGen       total 90624K, used 10062K [0x00000006c0000000, 0x00000006c5880000, 0x000000076ab00000)
  object space 90624K, 11% used [0x00000006c0000000,0x00000006c09d39e0,0x00000006c5880000)
 Metaspace       used 24632K, capacity 25007K, committed 25216K, reserved 1071104K
  class space    used 2462K, capacity 2588K, committed 2688K, reserved 1048576K
Event: 186.423 GC heap after
Heap after GC invocations=11 (full 1):
 PSYoungGen      total 149504K, used 4592K [0x000000076ab00000, 0x0000000779080000, 0x00000007c0000000)
  eden space 144896K, 0% used [0x000000076ab00000,0x000000076ab00000,0x0000000773880000)
  from space 4608K, 99% used [0x0000000778c00000,0x000000077907c0c0,0x0000000779080000)
  to   space 12288K, 0% used [0x0000000777880000,0x0000000777880000,0x0000000778480000)
 ParOldGen       total 90624K, used 16056K [0x00000006c0000000, 0x00000006c5880000, 0x000000076ab00000)
  object space 90624K, 17% used [0x00000006c0000000,0x00000006c0fae1c0,0x00000006c5880000)
 Metaspace       used 24632K, capacity 25007K, committed 25216K, reserved 1071104K
  class space    used 2462K, capacity 2588K, committed 2688K, reserved 1048576K
}

Deoptimization events (10 events):
Event: 189.651 Thread 0x00007fe7f51e2000 Uncommon trap: reason=class_check action=maybe_recompile pc=0x000000010c0833f4 method=java.awt.Component.getGraphics()Ljava/awt/Graphics; @ 114
Event: 189.651 Thread 0x00007fe7f50cf800 Uncommon trap: reason=class_check action=maybe_recompile pc=0x000000010c1c5a50 method=java.awt.event.InvocationEvent.dispatch()V @ 11
Event: 189.651 Thread 0x00007fe7f51e2000 Uncommon trap: reason=unstable_if action=reinterpret pc=0x000000010c268cf8 method=java.awt.font.FontRenderContext.equals(Ljava/awt/font/FontRenderContext;)Z @ 2
Event: 189.652 Thread 0x00007fe7f7824800 Uncommon trap: reason=class_check action=maybe_recompile pc=0x000000010bcbf800 method=com.jogamp.common.util.RunnableTask.run()V @ 24
Event: 189.660 Thread 0x00007fe7f50cf800 Uncommon trap: reason=unstable_if action=reinterpret pc=0x000000010bc74e6c method=jogamp.opengl.GLContextImpl.release(Z)V @ 161
Event: 189.668 Thread 0x00007fe7f51e2000 Uncommon trap: reason=class_check action=maybe_recompile pc=0x000000010c0833f4 method=java.awt.Component.getGraphics()Ljava/awt/Graphics; @ 114
Event: 189.668 Thread 0x00007fe7ff1d6000 Uncommon trap: reason=predicate action=maybe_recompile pc=0x000000010c329390 method=java.util.Vector.indexOf(Ljava/lang/Object;I)I @ 44
Event: 189.669 Thread 0x00007fe7f50cf800 Uncommon trap: reason=class_check action=maybe_recompile pc=0x000000010c1c5a50 method=java.awt.event.InvocationEvent.dispatch()V @ 11
Event: 189.673 Thread 0x00007fe7f7824800 Uncommon trap: reason=class_check action=maybe_recompile pc=0x000000010bcbf800 method=com.jogamp.common.util.RunnableTask.run()V @ 24
Event: 189.673 Thread 0x00007fe7f8011800 Uncommon trap: reason=class_check action=maybe_recompile pc=0x000000010badb960 method=java.util.HashMap.removeNode(ILjava/lang/Object;Ljava/lang/Object;ZZ)Ljava/util/HashMap$Node; @ 68

Classes redefined (0 events):
No events

Internal exceptions (10 events):
Event: 4.905 Thread 0x00007fe7ff2b7800 Exception <a 'java/security/PrivilegedActionException'> (0x000000076c9864c8) thrown at [/Users/java_re/workspace/8-2-build-macosx-x86_64/jdk8u181/11358/hotspot/src/share/vm/prims/jvm.cpp, line 1435]
Event: 4.972 Thread 0x00007fe7ff2b8800 Exception <a 'java/security/PrivilegedActionException'> (0x000000076ca9c4d8) thrown at [/Users/java_re/workspace/8-2-build-macosx-x86_64/jdk8u181/11358/hotspot/src/share/vm/prims/jvm.cpp, line 1435]
Event: 5.192 Thread 0x00007fe7ff2b1000 Exception <a 'java/security/PrivilegedActionException'> (0x000000076d007448) thrown at [/Users/java_re/workspace/8-2-build-macosx-x86_64/jdk8u181/11358/hotspot/src/share/vm/prims/jvm.cpp, line 1435]
Event: 5.194 Thread 0x00007fe7f6f27800 Exception <a 'java/security/PrivilegedActionException'> (0x000000076ce1cc58) thrown at [/Users/java_re/workspace/8-2-build-macosx-x86_64/jdk8u181/11358/hotspot/src/share/vm/prims/jvm.cpp, line 1435]
Event: 5.312 Thread 0x00007fe7ff2b2000 Exception <a 'java/security/PrivilegedActionException'> (0x000000076d088ca0) thrown at [/Users/java_re/workspace/8-2-build-macosx-x86_64/jdk8u181/11358/hotspot/src/share/vm/prims/jvm.cpp, line 1435]
Event: 5.414 Thread 0x00007fe7f6f29000 Exception <a 'java/security/PrivilegedActionException'> (0x000000076d21ecc8) thrown at [/Users/java_re/workspace/8-2-build-macosx-x86_64/jdk8u181/11358/hotspot/src/share/vm/prims/jvm.cpp, line 1435]
Event: 5.507 Thread 0x00007fe7ff2b1000 Exception <a 'java/security/PrivilegedActionException'> (0x000000076d55f460) thrown at [/Users/java_re/workspace/8-2-build-macosx-x86_64/jdk8u181/11358/hotspot/src/share/vm/prims/jvm.cpp, line 1435]
Event: 5.532 Thread 0x00007fe7f6701800 Exception <a 'java/security/PrivilegedActionException'> (0x000000076d51db88) thrown at [/Users/java_re/workspace/8-2-build-macosx-x86_64/jdk8u181/11358/hotspot/src/share/vm/prims/jvm.cpp, line 1435]
Event: 5.722 Thread 0x00007fe7f6c9b000 Exception <a 'java/security/PrivilegedActionException'> (0x000000076d7c9be0) thrown at [/Users/java_re/workspace/8-2-build-macosx-x86_64/jdk8u181/11358/hotspot/src/share/vm/prims/jvm.cpp, line 1435]
Event: 5.841 Thread 0x00007fe7ff2b2000 Exception <a 'java/security/PrivilegedActionException'> (0x000000076d9b4340) thrown at [/Users/java_re/workspace/8-2-build-macosx-x86_64/jdk8u181/11358/hotspot/src/share/vm/prims/jvm.cpp, line 1435]

Events (10 events):
Event: 189.673 Thread 0x00007fe7f7824800 Uncommon trap: trap_request=0xffffffde fr.pc=0x000000010bcbf800
Event: 189.673 Thread 0x00007fe7f7824800 DEOPT PACKING pc=0x000000010bcbf800 sp=0x00007ffeee474530
Event: 189.673 Thread 0x00007fe7f7824800 DEOPT UNPACKING pc=0x000000010b9b673a sp=0x00007ffeee4744d8 mode 2
Event: 189.673 Thread 0x00007fe7f8011800 Uncommon trap: trap_request=0xffffffde fr.pc=0x000000010badb960
Event: 189.673 Thread 0x00007fe7f8011800 DEOPT PACKING pc=0x000000010badb960 sp=0x000070001145e420
Event: 189.673 Thread 0x00007fe7f8011800 DEOPT UNPACKING pc=0x000000010b9b673a sp=0x000070001145e3b0 mode 2
Event: 189.674 loading class jogamp/opengl/egl/EGLDisplayUtil
Event: 189.674 loading class jogamp/opengl/egl/EGLDisplayUtil done
Event: 189.674 loading class com/jogamp/nativewindow/egl/EGLGraphicsDevice$EGLDisplayLifecycleCallback
Event: 189.674 loading class com/jogamp/nativewindow/egl/EGLGraphicsDevice$EGLDisplayLifecycleCallback done


Dynamic libraries:
0x00007fff3aaef000 	/System/Library/Frameworks/Cocoa.framework/Versions/A/Cocoa
0x00007fff47109000 	/System/Library/Frameworks/Security.framework/Versions/A/Security
0x00007fff39731000 	/System/Library/Frameworks/ApplicationServices.framework/Versions/A/ApplicationServices
0x00007fff62f56000 	/usr/lib/libz.1.dylib
0x00007fff60e87000 	/usr/lib/libSystem.B.dylib
0x00007fff62540000 	/usr/lib/libobjc.A.dylib
0x00007fff3b2a2000 	/System/Library/Frameworks/CoreFoundation.framework/Versions/A/CoreFoundation
0x00007fff3d403000 	/System/Library/Frameworks/Foundation.framework/Versions/C/Foundation
0x00007fff38881000 	/System/Library/Frameworks/AppKit.framework/Versions/C/AppKit
0x00007fff3ae67000 	/System/Library/Frameworks/CoreData.framework/Versions/A/CoreData
0x00007fff5a7c7000 	/System/Library/PrivateFrameworks/RemoteViewServices.framework/Versions/A/RemoteViewServices
0x00007fff5ef2c000 	/System/Library/PrivateFrameworks/UIFoundation.framework/Versions/A/UIFoundation
0x00007fff4f5d1000 	/System/Library/PrivateFrameworks/DFRFoundation.framework/Versions/A/DFRFoundation
0x00007fff3fa6f000 	/System/Library/Frameworks/Metal.framework/Versions/A/Metal
0x00007fff4f76e000 	/System/Library/PrivateFrameworks/DesktopServicesPriv.framework/Versions/A/DesktopServicesPriv
0x00007fff61a8d000 	/usr/lib/libenergytrace.dylib
0x00007fff5cf97000 	/System/Library/PrivateFrameworks/SkyLight.framework/Versions/A/SkyLight
0x00007fff3b745000 	/System/Library/Frameworks/CoreGraphics.framework/Versions/A/CoreGraphics
0x00007fff60e82000 	/usr/lib/libScreenReader.dylib
0x00007fff3781b000 	/System/Library/Frameworks/Accelerate.framework/Versions/A/Accelerate
0x00007fff3db7d000 	/System/Library/Frameworks/IOSurface.framework/Versions/A/IOSurface
0x00007fff39c7b000 	/System/Library/Frameworks/AudioToolbox.framework/Versions/A/AudioToolbox
0x00007fff39f0b000 	/System/Library/Frameworks/AudioUnit.framework/Versions/A/AudioUnit
0x00007fff4f669000 	/System/Library/PrivateFrameworks/DataDetectorsCore.framework/Versions/A/DataDetectorsCore
0x00007fff3a5e2000 	/System/Library/Frameworks/Carbon.framework/Versions/A/Frameworks/HIToolbox.framework/Versions/A/HIToolbox
0x00007fff61be7000 	/usr/lib/libicucore.A.dylib
0x00007fff46687000 	/System/Library/Frameworks/QuartzCore.framework/Versions/A/QuartzCore
0x00007fff5c24e000 	/System/Library/PrivateFrameworks/SignpostNotification.framework/Versions/A/SignpostNotification
0x00007fff3a9c8000 	/System/Library/Frameworks/Carbon.framework/Versions/A/Frameworks/SpeechRecognition.framework/Versions/A/SpeechRecognition
0x00007fff60fe3000 	/usr/lib/libauto.dylib
0x00007fff62e45000 	/usr/lib/libxml2.2.dylib
0x00007fff4f222000 	/System/Library/PrivateFrameworks/CoreUI.framework/Versions/A/CoreUI
0x00007fff3ad43000 	/System/Library/Frameworks/CoreAudio.framework/Versions/A/CoreAudio
0x00007fff3d23d000 	/System/Library/Frameworks/DiskArbitration.framework/Versions/A/DiskArbitration
0x00007fff61e5b000 	/usr/lib/liblangid.dylib
0x00007fff56ccd000 	/System/Library/PrivateFrameworks/MultitouchSupport.framework/Versions/A/MultitouchSupport
0x00007fff3dae0000 	/System/Library/Frameworks/IOKit.framework/Versions/A/IOKit
0x00007fff60b11000 	/usr/lib/libDiagnosticMessagesClient.dylib
0x00007fff3c41b000 	/System/Library/Frameworks/CoreServices.framework/Versions/A/CoreServices
0x00007fff587ff000 	/System/Library/PrivateFrameworks/PerformanceAnalysis.framework/Versions/A/PerformanceAnalysis
0x00007fff45829000 	/System/Library/Frameworks/OpenGL.framework/Versions/A/OpenGL
0x00007fff3aafd000 	/System/Library/Frameworks/ColorSync.framework/Versions/A/ColorSync
0x00007fff3bd57000 	/System/Library/Frameworks/CoreImage.framework/Versions/A/CoreImage
0x00007fff3cdab000 	/System/Library/Frameworks/CoreText.framework/Versions/A/CoreText
0x00007fff3dbdb000 	/System/Library/Frameworks/ImageIO.framework/Versions/A/ImageIO
0x00007fff4bf19000 	/System/Library/PrivateFrameworks/Backup.framework/Versions/A/Backup
0x00007fff60f33000 	/usr/lib/libarchive.2.dylib
0x00007fff3a22e000 	/System/Library/Frameworks/CFNetwork.framework/Versions/A/CFNetwork
0x00007fff4789c000 	/System/Library/Frameworks/SystemConfiguration.framework/Versions/A/SystemConfiguration
0x00007fff60a3a000 	/usr/lib/libCRFSuite.dylib
0x00007fff610bc000 	/usr/lib/libc++.1.dylib
0x00007fff61113000 	/usr/lib/libc++abi.dylib
0x00007fff63004000 	/usr/lib/system/libcache.dylib
0x00007fff63009000 	/usr/lib/system/libcommonCrypto.dylib
0x00007fff63014000 	/usr/lib/system/libcompiler_rt.dylib
0x00007fff6301c000 	/usr/lib/system/libcopyfile.dylib
0x00007fff63026000 	/usr/lib/system/libcorecrypto.dylib
0x00007fff63133000 	/usr/lib/system/libdispatch.dylib
0x00007fff6316d000 	/usr/lib/system/libdyld.dylib
0x00007fff6318b000 	/usr/lib/system/libkeymgr.dylib
0x00007fff63199000 	/usr/lib/system/liblaunch.dylib
0x00007fff6319a000 	/usr/lib/system/libmacho.dylib
0x00007fff6319f000 	/usr/lib/system/libquarantine.dylib
0x00007fff631a2000 	/usr/lib/system/libremovefile.dylib
0x00007fff631a4000 	/usr/lib/system/libsystem_asl.dylib
0x00007fff631bc000 	/usr/lib/system/libsystem_blocks.dylib
0x00007fff631bd000 	/usr/lib/system/libsystem_c.dylib
0x00007fff63247000 	/usr/lib/system/libsystem_configuration.dylib
0x00007fff6324b000 	/usr/lib/system/libsystem_coreservices.dylib
0x00007fff6324f000 	/usr/lib/system/libsystem_darwin.dylib
0x00007fff63251000 	/usr/lib/system/libsystem_dnssd.dylib
0x00007fff63258000 	/usr/lib/system/libsystem_info.dylib
0x00007fff632c9000 	/usr/lib/system/libsystem_m.dylib
0x00007fff63315000 	/usr/lib/system/libsystem_malloc.dylib
0x00007fff63335000 	/usr/lib/system/libsystem_network.dylib
0x00007fff63466000 	/usr/lib/system/libsystem_networkextension.dylib
0x00007fff63471000 	/usr/lib/system/libsystem_notify.dylib
0x00007fff6348f000 	/usr/lib/system/libsystem_sandbox.dylib
0x00007fff63493000 	/usr/lib/system/libsystem_secinit.dylib
0x00007fff632a2000 	/usr/lib/system/libsystem_kernel.dylib
0x00007fff6347b000 	/usr/lib/system/libsystem_platform.dylib
0x00007fff63483000 	/usr/lib/system/libsystem_pthread.dylib
0x00007fff63495000 	/usr/lib/system/libsystem_symptoms.dylib
0x00007fff6349d000 	/usr/lib/system/libsystem_trace.dylib
0x00007fff634b2000 	/usr/lib/system/libunwind.dylib
0x00007fff634b8000 	/usr/lib/system/libxpc.dylib
0x00007fff6094d000 	/usr/lib/closure/libclosured.dylib
0x00007fff6109d000 	/usr/lib/libbsm.0.dylib
0x00007fff6318c000 	/usr/lib/system/libkxld.dylib
0x00007fff60d4b000 	/usr/lib/libOpenScriptingUtil.dylib
0x00007fff6140c000 	/usr/lib/libcoretls.dylib
0x00007fff61425000 	/usr/lib/libcoretls_cfhelpers.dylib
0x00007fff62941000 	/usr/lib/libpam.2.dylib
0x00007fff62a68000 	/usr/lib/libsqlite3.dylib
0x00007fff62e34000 	/usr/lib/libxar.1.dylib
0x00007fff610ae000 	/usr/lib/libbz2.1.0.dylib
0x00007fff61e5d000 	/usr/lib/liblzma.5.dylib
0x00007fff6233e000 	/usr/lib/libnetwork.dylib
0x00007fff60f1c000 	/usr/lib/libapple_nghttp2.dylib
0x00007fff62948000 	/usr/lib/libpcap.A.dylib
0x00007fff60fe4000 	/usr/lib/libboringssl.dylib
0x00007fff62dcf000 	/usr/lib/libusrtcp.dylib
0x00007fff60f1b000 	/usr/lib/libapple_crypto.dylib
0x00007fff3c79e000 	/System/Library/Frameworks/CoreServices.framework/Versions/A/Frameworks/FSEvents.framework/Versions/A/FSEvents
0x00007fff3c491000 	/System/Library/Frameworks/CoreServices.framework/Versions/A/Frameworks/CarbonCore.framework/Versions/A/CarbonCore
0x00007fff3c965000 	/System/Library/Frameworks/CoreServices.framework/Versions/A/Frameworks/Metadata.framework/Versions/A/Metadata
0x00007fff3ca16000 	/System/Library/Frameworks/CoreServices.framework/Versions/A/Frameworks/OSServices.framework/Versions/A/OSServices
0x00007fff3ca77000 	/System/Library/Frameworks/CoreServices.framework/Versions/A/Frameworks/SearchKit.framework/Versions/A/SearchKit
0x00007fff3c41c000 	/System/Library/Frameworks/CoreServices.framework/Versions/A/Frameworks/AE.framework/Versions/A/AE
0x00007fff3c7a7000 	/System/Library/Frameworks/CoreServices.framework/Versions/A/Frameworks/LaunchServices.framework/Versions/A/LaunchServices
0x00007fff3c769000 	/System/Library/Frameworks/CoreServices.framework/Versions/A/Frameworks/DictionaryServices.framework/Versions/A/DictionaryServices
0x00007fff3cae6000 	/System/Library/Frameworks/CoreServices.framework/Versions/A/Frameworks/SharedFileList.framework/Versions/A/SharedFileList
0x00007fff40ca5000 	/System/Library/Frameworks/NetFS.framework/Versions/A/NetFS
0x00007fff56f5e000 	/System/Library/PrivateFrameworks/NetAuth.framework/Versions/A/NetAuth
0x00007fff607e4000 	/System/Library/PrivateFrameworks/login.framework/Versions/A/Frameworks/loginsupport.framework/Versions/A/loginsupport
0x00007fff5eba9000 	/System/Library/PrivateFrameworks/TCC.framework/Versions/A/TCC
0x00007fff61f3e000 	/usr/lib/libmecabra.dylib
0x00007fff39732000 	/System/Library/Frameworks/ApplicationServices.framework/Versions/A/Frameworks/ATS.framework/Versions/A/ATS
0x00007fff39ae0000 	/System/Library/Frameworks/ApplicationServices.framework/Versions/A/Frameworks/ColorSyncLegacy.framework/Versions/A/ColorSyncLegacy
0x00007fff39b84000 	/System/Library/Frameworks/ApplicationServices.framework/Versions/A/Frameworks/HIServices.framework/Versions/A/HIServices
0x00007fff39bd7000 	/System/Library/Frameworks/ApplicationServices.framework/Versions/A/Frameworks/LangAnalysis.framework/Versions/A/LangAnalysis
0x00007fff39be6000 	/System/Library/Frameworks/ApplicationServices.framework/Versions/A/Frameworks/PrintCore.framework/Versions/A/PrintCore
0x00007fff39c33000 	/System/Library/Frameworks/ApplicationServices.framework/Versions/A/Frameworks/QD.framework/Versions/A/QD
0x00007fff39c6e000 	/System/Library/Frameworks/ApplicationServices.framework/Versions/A/Frameworks/SpeechSynthesis.framework/Versions/A/SpeechSynthesis
0x00007fff3b1be000 	/System/Library/Frameworks/CoreDisplay.framework/Versions/A/CoreDisplay
0x00007fff37833000 	/System/Library/Frameworks/Accelerate.framework/Versions/A/Frameworks/vImage.framework/Versions/A/vImage
0x00007fff3858d000 	/System/Library/Frameworks/Accelerate.framework/Versions/A/Frameworks/vecLib.framework/Versions/A/vecLib
0x00007fff3832d000 	/System/Library/Frameworks/Accelerate.framework/Versions/A/Frameworks/vecLib.framework/Versions/A/libvDSP.dylib
0x00007fff37e8d000 	/System/Library/Frameworks/Accelerate.framework/Versions/A/Frameworks/vecLib.framework/Versions/A/libBNNS.dylib
0x00007fff38292000 	/System/Library/Frameworks/Accelerate.framework/Versions/A/Frameworks/vecLib.framework/Versions/A/libQuadrature.dylib
0x00007fff384db000 	/System/Library/Frameworks/Accelerate.framework/Versions/A/Frameworks/vecLib.framework/Versions/A/libvMisc.dylib
0x00007fff37ebc000 	/System/Library/Frameworks/Accelerate.framework/Versions/A/Frameworks/vecLib.framework/Versions/A/libLAPACK.dylib
0x00007fff37d32000 	/System/Library/Frameworks/Accelerate.framework/Versions/A/Frameworks/vecLib.framework/Versions/A/libBLAS.dylib
0x00007fff3827c000 	/System/Library/Frameworks/Accelerate.framework/Versions/A/Frameworks/vecLib.framework/Versions/A/libLinearAlgebra.dylib
0x00007fff38298000 	/System/Library/Frameworks/Accelerate.framework/Versions/A/Frameworks/vecLib.framework/Versions/A/libSparse.dylib
0x00007fff38319000 	/System/Library/Frameworks/Accelerate.framework/Versions/A/Frameworks/vecLib.framework/Versions/A/libSparseBLAS.dylib
0x00007fff53dad000 	/System/Library/PrivateFrameworks/GPUWrangler.framework/Versions/A/GPUWrangler
0x00007fff5553e000 	/System/Library/PrivateFrameworks/IOAccelerator.framework/Versions/A/IOAccelerator
0x00007fff55549000 	/System/Library/PrivateFrameworks/IOPresentment.framework/Versions/A/IOPresentment
0x00007fff4f5e3000 	/System/Library/PrivateFrameworks/DSExternalDisplay.framework/Versions/A/DSExternalDisplay
0x00007fff44ca8000 	/System/Library/Frameworks/OpenGL.framework/Versions/A/Libraries/libCoreFSCache.dylib
0x00007fff3cefc000 	/System/Library/Frameworks/CoreVideo.framework/Versions/A/CoreVideo
0x00007fff54b28000 	/System/Library/PrivateFrameworks/GraphVisualizer.framework/Versions/A/GraphVisualizer
0x00007fff3fca6000 	/System/Library/Frameworks/MetalPerformanceShaders.framework/Versions/A/MetalPerformanceShaders
0x00007fff60b49000 	/usr/lib/libFosl_dynamic.dylib
0x00007fff506b7000 	/System/Library/PrivateFrameworks/FaceCore.framework/Versions/A/FaceCore
0x00007fff43aa3000 	/System/Library/Frameworks/OpenCL.framework/Versions/A/OpenCL
0x00007fff6114a000 	/usr/lib/libcompression.dylib
0x00007fff39831000 	/System/Library/Frameworks/ApplicationServices.framework/Versions/A/Frameworks/ATS.framework/Versions/A/Resources/libFontParser.dylib
0x00007fff39954000 	/System/Library/Frameworks/ApplicationServices.framework/Versions/A/Frameworks/ATS.framework/Versions/A/Resources/libFontRegistry.dylib
0x00007fff3de43000 	/System/Library/Frameworks/ImageIO.framework/Versions/A/Resources/libJPEG.dylib
0x00007fff3e16c000 	/System/Library/Frameworks/ImageIO.framework/Versions/A/Resources/libTIFF.dylib
0x00007fff3e142000 	/System/Library/Frameworks/ImageIO.framework/Versions/A/Resources/libPng.dylib
0x00007fff3dd56000 	/System/Library/Frameworks/ImageIO.framework/Versions/A/Resources/libGIF.dylib
0x00007fff3dd5b000 	/System/Library/Frameworks/ImageIO.framework/Versions/A/Resources/libJP2.dylib
0x00007fff3e169000 	/System/Library/Frameworks/ImageIO.framework/Versions/A/Resources/libRadiance.dylib
0x00007fff4b644000 	/System/Library/PrivateFrameworks/AppleJPEG.framework/Versions/A/AppleJPEG
0x00007fff3fb0d000 	/System/Library/Frameworks/MetalPerformanceShaders.framework/Frameworks/MPSCore.framework/Versions/A/MPSCore
0x00007fff3fb29000 	/System/Library/Frameworks/MetalPerformanceShaders.framework/Frameworks/MPSImage.framework/Versions/A/MPSImage
0x00007fff3fbbe000 	/System/Library/Frameworks/MetalPerformanceShaders.framework/Frameworks/MPSNeuralNetwork.framework/Versions/A/MPSNeuralNetwork
0x00007fff3fb99000 	/System/Library/Frameworks/MetalPerformanceShaders.framework/Frameworks/MPSMatrix.framework/Versions/A/MPSMatrix
0x00007fff56a3f000 	/System/Library/PrivateFrameworks/MetalTools.framework/Versions/A/MetalTools
0x00007fff44e73000 	/System/Library/Frameworks/OpenGL.framework/Versions/A/Libraries/libGLU.dylib
0x00007fff44cb3000 	/System/Library/Frameworks/OpenGL.framework/Versions/A/Libraries/libGFXShared.dylib
0x00007fff44cbd000 	/System/Library/Frameworks/OpenGL.framework/Versions/A/Libraries/libGL.dylib
0x00007fff44cc9000 	/System/Library/Frameworks/OpenGL.framework/Versions/A/Libraries/libGLImage.dylib
0x00007fff44ca5000 	/System/Library/Frameworks/OpenGL.framework/Versions/A/Libraries/libCVMSPluginSupport.dylib
0x00007fff44cae000 	/System/Library/Frameworks/OpenGL.framework/Versions/A/Libraries/libCoreVMClient.dylib
0x00007fff618f7000 	/usr/lib/libcups.2.dylib
0x00007fff3f074000 	/System/Library/Frameworks/Kerberos.framework/Versions/A/Kerberos
0x00007fff3d83a000 	/System/Library/Frameworks/GSS.framework/Versions/A/GSS
0x00007fff629fb000 	/usr/lib/libresolv.9.dylib
0x00007fff61af5000 	/usr/lib/libiconv.2.dylib
0x00007fff54bba000 	/System/Library/PrivateFrameworks/Heimdal.framework/Versions/A/Heimdal
0x00007fff61ac4000 	/usr/lib/libheimdal-asn1.dylib
0x00007fff43b1b000 	/System/Library/Frameworks/OpenDirectory.framework/Versions/A/OpenDirectory
0x00007fff4d95a000 	/System/Library/PrivateFrameworks/CommonAuth.framework/Versions/A/CommonAuth
0x00007fff43afe000 	/System/Library/Frameworks/OpenDirectory.framework/Versions/A/Frameworks/CFOpenDirectory.framework/Versions/A/CFOpenDirectory
0x00007fff47435000 	/System/Library/Frameworks/SecurityFoundation.framework/Versions/A/SecurityFoundation
0x00007fff4a809000 	/System/Library/PrivateFrameworks/APFS.framework/Versions/A/APFS
0x00007fff62e30000 	/usr/lib/libutil.dylib
0x00007fff4b6c7000 	/System/Library/PrivateFrameworks/AppleSauce.framework/Versions/A/AppleSauce
0x00007fff55d26000 	/System/Library/PrivateFrameworks/LinguisticData.framework/Versions/A/LinguisticData
0x00007fff61e77000 	/usr/lib/libmarisa.dylib
0x00007fff55ce0000 	/System/Library/PrivateFrameworks/Lexicon.framework/Versions/A/Lexicon
0x00007fff60a74000 	/usr/lib/libChineseTokenizer.dylib
0x00007fff61139000 	/usr/lib/libcmph.dylib
0x00007fff55bea000 	/System/Library/PrivateFrameworks/LanguageModeling.framework/Versions/A/LanguageModeling
0x00007fff4e469000 	/System/Library/PrivateFrameworks/CoreEmoji.framework/Versions/A/CoreEmoji
0x00007fff474f3000 	/System/Library/Frameworks/ServiceManagement.framework/Versions/A/ServiceManagement
0x00007fff4bf11000 	/System/Library/PrivateFrameworks/BackgroundTaskManagement.framework/Versions/A/BackgroundTaskManagement
0x00007fff62f2d000 	/usr/lib/libxslt.1.dylib
0x00007fff3a8f2000 	/System/Library/Frameworks/Carbon.framework/Versions/A/Frameworks/Ink.framework/Versions/A/Ink
0x00007fff5edbe000 	/System/Library/PrivateFrameworks/TextureIO.framework/Versions/A/TextureIO
0x00007fff60f5e000 	/usr/lib/libate.dylib
0x00007fff4f543000 	/System/Library/PrivateFrameworks/CrashReporterSupport.framework/Versions/A/CrashReporterSupport
0x00007fff5c10e000 	/System/Library/PrivateFrameworks/Sharing.framework/Versions/A/Sharing
0x00007fff5592b000 	/System/Library/PrivateFrameworks/IconServices.framework/Versions/A/IconServices
0x00007fff4bb41000 	/System/Library/PrivateFrameworks/AuthKit.framework/Versions/A/AuthKit
0x00007fff4b4c7000 	/System/Library/PrivateFrameworks/Apple80211.framework/Versions/A/Apple80211
0x00007fff4f358000 	/System/Library/PrivateFrameworks/CoreUtils.framework/Versions/A/CoreUtils
0x00007fff3cf37000 	/System/Library/Frameworks/CoreWLAN.framework/Versions/A/CoreWLAN
0x00007fff3d97c000 	/System/Library/Frameworks/IOBluetooth.framework/Versions/A/IOBluetooth
0x00007fff5a5ce000 	/System/Library/PrivateFrameworks/ProtocolBuffer.framework/Versions/A/ProtocolBuffer
0x00007fff56c28000 	/System/Library/PrivateFrameworks/MobileKeyBag.framework/Versions/A/MobileKeyBag
0x00007fff4ec0d000 	/System/Library/PrivateFrameworks/CorePhoneNumbers.framework/Versions/A/CorePhoneNumbers
0x00007fff4b5ff000 	/System/Library/PrivateFrameworks/AppleIDAuthSupport.framework/Versions/A/AppleIDAuthSupport
0x00007fff55bd6000 	/System/Library/PrivateFrameworks/KeychainCircle.framework/Versions/A/KeychainCircle
0x00007fff4f4de000 	/System/Library/PrivateFrameworks/CoreWiFi.framework/Versions/A/CoreWiFi
0x00007fff3ae3d000 	/System/Library/Frameworks/CoreBluetooth.framework/Versions/A/CoreBluetooth
0x00007fff4f72d000 	/System/Library/PrivateFrameworks/DebugSymbols.framework/Versions/A/DebugSymbols
0x00007fff4f10e000 	/System/Library/PrivateFrameworks/CoreSymbolication.framework/Versions/A/CoreSymbolication
0x00007fff5e5af000 	/System/Library/PrivateFrameworks/Symbolication.framework/Versions/A/Symbolication
0x00007fff4b4f1000 	/System/Library/PrivateFrameworks/AppleFSCompression.framework/Versions/A/AppleFSCompression
0x00007fff5d9fc000 	/System/Library/PrivateFrameworks/SpeechRecognitionCore.framework/Versions/A/SpeechRecognitionCore
0x0000000102800000 	/Library/Java/JavaVirtualMachines/jdk1.8.0_181.jdk/Contents/Home/jre/lib/server/libjvm.dylib
0x00007fff62cfd000 	/usr/lib/libstdc++.6.0.9.dylib
0x00000001017c8000 	/Library/Java/JavaVirtualMachines/jdk1.8.0_181.jdk/Contents/Home/jre/lib/libverify.dylib
0x00000001037b4000 	/Library/Java/JavaVirtualMachines/jdk1.8.0_181.jdk/Contents/Home/jre/lib/libjava.dylib
0x00000001017e0000 	/Library/Java/JavaVirtualMachines/jdk1.8.0_181.jdk/Contents/Home/jre/lib/libzip.dylib
0x00000001092a3000 	/Library/Java/JavaVirtualMachines/jdk1.8.0_181.jdk/Contents/Home/jre/lib/libawt.dylib
0x000000010934d000 	/Library/Java/JavaVirtualMachines/jdk1.8.0_181.jdk/Contents/Home/jre/lib/./libmlib_image.dylib
0x00007fff3f05d000 	/System/Library/Frameworks/JavaVM.framework/Versions/A/Frameworks/JavaNativeFoundation.framework/Versions/A/JavaNativeFoundation
0x00007fff3f066000 	/System/Library/Frameworks/JavaVM.framework/Versions/A/Frameworks/JavaRuntimeSupport.framework/Versions/A/JavaRuntimeSupport
0x00007fff3f06f000 	/System/Library/Frameworks/JavaVM.framework/Versions/A/JavaVM
0x00007fff55aec000 	/System/Library/PrivateFrameworks/JavaLaunching.framework/Versions/A/JavaLaunching
0x00007fff3a5dd000 	/System/Library/Frameworks/Carbon.framework/Versions/A/Carbon
0x00007fff3a5de000 	/System/Library/Frameworks/Carbon.framework/Versions/A/Frameworks/CommonPanels.framework/Versions/A/CommonPanels
0x00007fff3a8e8000 	/System/Library/Frameworks/Carbon.framework/Versions/A/Frameworks/Help.framework/Versions/A/Help
0x00007fff3a8ec000 	/System/Library/Frameworks/Carbon.framework/Versions/A/Frameworks/ImageCapture.framework/Versions/A/ImageCapture
0x00007fff3a988000 	/System/Library/Frameworks/Carbon.framework/Versions/A/Frameworks/OpenScripting.framework/Versions/A/OpenScripting
0x00007fff3a9c3000 	/System/Library/Frameworks/Carbon.framework/Versions/A/Frameworks/Print.framework/Versions/A/Print
0x00007fff3a9c5000 	/System/Library/Frameworks/Carbon.framework/Versions/A/Frameworks/SecurityHI.framework/Versions/A/SecurityHI
0x0000000109419000 	/Library/Java/JavaVirtualMachines/jdk1.8.0_181.jdk/Contents/Home/jre/lib/libawt_lwawt.dylib
0x00000001094d3000 	/Library/Java/JavaVirtualMachines/jdk1.8.0_181.jdk/Contents/Home/jre/lib/./libosxapp.dylib
0x00007fff3d3dc000 	/System/Library/Frameworks/ExceptionHandling.framework/Versions/A/ExceptionHandling
0x00007fff4eda0000 	/System/Library/PrivateFrameworks/CoreServicesInternal.framework/Versions/A/CoreServicesInternal
0x00007fff33859000 	/System/Library/CoreServices/RawCamera.bundle/Contents/MacOS/RawCamera
0x00007fff56ab1000 	/System/Library/PrivateFrameworks/MobileAsset.framework/Versions/A/MobileAsset
0x00007fff5deb6000 	/System/Library/PrivateFrameworks/StreamingZip.framework/Versions/A/StreamingZip
0x00007fff3f403000 	/System/Library/Frameworks/MediaToolbox.framework/Versions/A/MediaToolbox
0x00007fff4e0a8000 	/System/Library/PrivateFrameworks/CoreAVCHD.framework/Versions/A/CoreAVCHD
0x00007fff3f34c000 	/System/Library/Frameworks/MediaAccessibility.framework/Versions/A/MediaAccessibility
0x00007fff5652c000 	/System/Library/PrivateFrameworks/Mangrove.framework/Versions/A/Mangrove
0x00007fff3c2d5000 	/System/Library/Frameworks/CoreMedia.framework/Versions/A/CoreMedia
0x00007fff47ac1000 	/System/Library/Frameworks/VideoToolbox.framework/Versions/A/VideoToolbox
0x00007fff4dc9f000 	/System/Library/PrivateFrameworks/CoreAUC.framework/Versions/A/CoreAUC
0x00007fff62a66000 	/usr/lib/libspindump.dylib
0x00007fff4b7bc000 	/System/Library/PrivateFrameworks/AppleVA.framework/Versions/A/AppleVA
0x00007fff3781c000 	/System/Library/Frameworks/Accelerate.framework/Versions/A/Frameworks/vImage.framework/Versions/A/Libraries/libCGInterfaces.dylib
0x00007fff39a43000 	/System/Library/Frameworks/ApplicationServices.framework/Versions/A/Frameworks/ATS.framework/Versions/A/Resources/libTrueTypeScaler.dylib
0x00007fff3523c000 	/System/Library/Extensions/AppleIntelKBLGraphicsMTLDriver.bundle/Contents/MacOS/AppleIntelKBLGraphicsMTLDriver
0x000000010b682000 	/System/Library/Extensions/AMDMTLBronzeDriver.bundle/Contents/MacOS/AMDMTLBronzeDriver
0x00007fff55534000 	/System/Library/PrivateFrameworks/IOAccelMemoryInfo.framework/Versions/A/IOAccelMemoryInfo
0x00007fff52741000 	/System/Library/PrivateFrameworks/GPUCompiler.framework/Versions/3802/Libraries/libmetal_timestamp.dylib
0x00007fff50aef000 	/System/Library/PrivateFrameworks/FamilyControls.framework/Versions/A/FamilyControls
0x00007fff4d94d000 	/System/Library/PrivateFrameworks/CommerceKit.framework/Versions/A/Frameworks/CommerceCore.framework/Versions/A/CommerceCore
0x00007fff5e8fe000 	/System/Library/PrivateFrameworks/SystemAdministration.framework/Versions/A/SystemAdministration
0x00007fff4b47a000 	/System/Library/PrivateFrameworks/AppContainer.framework/Versions/A/AppContainer
0x00007fff5bfc6000 	/System/Library/PrivateFrameworks/SecCodeWrapper.framework/Versions/A/SecCodeWrapper
0x00007fff4fa7b000 	/System/Library/PrivateFrameworks/DiskManagement.framework/Versions/A/DiskManagement
0x00007fff3d150000 	/System/Library/Frameworks/DirectoryService.framework/Versions/A/DirectoryService
0x00007fff4f9a8000 	/System/Library/PrivateFrameworks/DiskImages.framework/Versions/A/DiskImages
0x00007fff55e1d000 	/System/Library/PrivateFrameworks/LoginUIKit.framework/Versions/A/Frameworks/LoginUICore.framework/Versions/A/LoginUICore
0x00007fff60a80000 	/usr/lib/libCoreStorage.dylib
0x00007fff618eb000 	/usr/lib/libcsfde.dylib
0x00007fff6292f000 	/usr/lib/libodfde.dylib
0x00007fff5664b000 	/System/Library/PrivateFrameworks/MediaKit.framework/Versions/A/MediaKit
0x00007fff3d15c000 	/System/Library/Frameworks/DiscRecording.framework/Versions/A/DiscRecording
0x00007fff4fbf7000 	/System/Library/PrivateFrameworks/EFILogin.framework/Versions/A/EFILogin
0x00007fff5a576000 	/System/Library/PrivateFrameworks/ProtectedCloudStorage.framework/Versions/A/ProtectedCloudStorage
0x00007fff61978000 	/usr/lib/libcurl.4.dylib
0x00007fff615bf000 	/usr/lib/libcrypto.35.dylib
0x00007fff62c57000 	/usr/lib/libssl.35.dylib
0x00007fff3f08e000 	/System/Library/Frameworks/LDAP.framework/Versions/A/LDAP
0x00007fff5ef25000 	/System/Library/PrivateFrameworks/TrustEvaluationAgent.framework/Versions/A/TrustEvaluationAgent
0x00007fff62a53000 	/usr/lib/libsasl2.2.dylib
0x00007fff4e2f2000 	/System/Library/PrivateFrameworks/CoreDaemon.framework/Versions/B/CoreDaemon
0x00007fff4b6be000 	/System/Library/PrivateFrameworks/AppleSRP.framework/Versions/A/AppleSRP
0x00007fff45839000 	/System/Library/Frameworks/OpenGL.framework/Versions/A/Resources/GLEngine.bundle/GLEngine
0x00007fff44d05000 	/System/Library/Frameworks/OpenGL.framework/Versions/A/Libraries/libGLProgrammability.dylib
0x0000000123d08000 	/System/Library/Extensions/AppleIntelKBLGraphicsGLDriver.bundle/Contents/MacOS/AppleIntelKBLGraphicsGLDriver
0x00007fff53da1000 	/System/Library/PrivateFrameworks/GPUSupport.framework/Versions/A/Libraries/libGPUSupportMercury.dylib
0x0000000124ec3000 	/System/Library/Extensions/AMDRadeonX4000GLDriver.bundle/Contents/MacOS/AMDRadeonX4000GLDriver
0x00007fff33def000 	/System/Library/Extensions/AMDRadeonX4000GLDriver.bundle/Contents/MacOS/ATIRadeonX4000SCLib.dylib
0x00007fff459d1000 	/System/Library/Frameworks/OpenGL.framework/Versions/A/Resources/GLRendererFloat.bundle/GLRendererFloat
0x00007fff43a9a000 	/System/Library/Frameworks/OpenCL.framework/Versions/A/Libraries/libcldcpuengine.dylib
0x00000001255c9000 	/Library/Java/JavaVirtualMachines/jdk1.8.0_181.jdk/Contents/Home/jre/lib/libfontmanager.dylib
0x0000000125cea000 	/Library/Java/JavaVirtualMachines/jdk1.8.0_181.jdk/Contents/Home/jre/lib/libosxui.dylib
0x00007fff5fdb0000 	/System/Library/PrivateFrameworks/ViewBridge.framework/Versions/A/ViewBridge
0x000000012699e000 	/Library/Java/JavaVirtualMachines/jdk1.8.0_181.jdk/Contents/Home/jre/lib/libnet.dylib
0x00000001269b5000 	/Library/Java/JavaVirtualMachines/jdk1.8.0_181.jdk/Contents/Home/jre/lib/libnio.dylib
0x0000000125994000 	/private/var/folders/39/2n8f3lmx0c16kyn2kvwy0dxc0000gn/T/jogamp_0000/file_cache/jln2027524904983699709/jln8708853873542956502/libgluegen-rt.jnilib
0x0000000125998000 	/private/var/folders/39/2n8f3lmx0c16kyn2kvwy0dxc0000gn/T/jogamp_0000/file_cache/jln2027524904983699709/jln8708853873542956502/libnativewindow_awt.jnilib
0x000000012599b000 	/Library/Java/JavaVirtualMachines/jdk1.8.0_181.jdk/Contents/Home/jre/lib/libjawt.dylib
0x00000001259f6000 	/private/var/folders/39/2n8f3lmx0c16kyn2kvwy0dxc0000gn/T/jogamp_0000/file_cache/jln2027524904983699709/jln8708853873542956502/libnativewindow_macosx.jnilib
0x0000000190e24000 	/private/var/folders/39/2n8f3lmx0c16kyn2kvwy0dxc0000gn/T/jogamp_0000/file_cache/jln2027524904983699709/jln8708853873542956502/libjogl_desktop.jnilib
0x000000012580f000 	/Library/Java/JavaVirtualMachines/jdk1.8.0_181.jdk/Contents/Home/jre/lib/libsunec.dylib
0x000000010b5bf000 	/Library/Java/JavaVirtualMachines/jdk1.8.0_181.jdk/Contents/Home/jre/lib/libt2k.dylib

VM Arguments:
jvm_args: -Djava.security.policy=java.policy.applet -Dfile.encoding=UTF-8 
java_command: sun.applet.AppletViewer module4.EarthquakeCityMap1541900106905.html
java_class_path (initial): /Users/seungjaemoon/Documents/eclipse-workspace/UCSDUnfoldingMaps/build:/Users/seungjaemoon/Documents/eclipse-workspace/UCSDUnfoldingMaps/lib/core.jar:/Users/seungjaemoon/Documents/eclipse-workspace/UCSDUnfoldingMaps/lib/gluegen-rt.jar:/Users/seungjaemoon/Documents/eclipse-workspace/UCSDUnfoldingMaps/lib/jogl-all.jar:/Users/seungjaemoon/Documents/eclipse-workspace/UCSDUnfoldingMaps/lib/log4j-1.2.15.jar:/Users/seungjaemoon/Documents/eclipse-workspace/UCSDUnfoldingMaps/lib/sqlite-jdbc-3.7.2.jar:/Users/seungjaemoon/Documents/eclipse-workspace/UCSDUnfoldingMaps/lib/json4processing.jar:/Users/seungjaemoon/Documents/eclipse-workspace/UCSDUnfoldingMaps/lib/libTUIO.jar:/Users/seungjaemoon/Documents/eclipse-workspace/UCSDUnfoldingMaps/lib/unfolding.0.9.7-uscd.jar
Launcher Type: SUN_STANDARD

Environment Variables:
PATH=/usr/bin:/bin:/usr/sbin:/sbin
SHELL=/bin/bash

Signal Handlers:
SIGSEGV: [libjvm.dylib+0x5b6029], sa_mask[0]=11111111011111110111111111111111, sa_flags=SA_ONSTACK|SA_RESTART|SA_SIGINFO
SIGBUS: [libjvm.dylib+0x5b6029], sa_mask[0]=11111111011111110111111111111111, sa_flags=SA_RESTART|SA_SIGINFO
SIGFPE: [libjvm.dylib+0x48b934], sa_mask[0]=11111111011111110111111111111111, sa_flags=SA_RESTART|SA_SIGINFO
SIGPIPE: [libjvm.dylib+0x48b934], sa_mask[0]=11111111011111110111111111111111, sa_flags=SA_RESTART|SA_SIGINFO
SIGXFSZ: [libjvm.dylib+0x48b934], sa_mask[0]=11111111011111110111111111111111, sa_flags=SA_RESTART|SA_SIGINFO
SIGILL: [libjvm.dylib+0x48b934], sa_mask[0]=11111111011111110111111111111111, sa_flags=SA_RESTART|SA_SIGINFO
SIGUSR1: SIG_DFL, sa_mask[0]=00000000000000000000000000000000, sa_flags=none
SIGUSR2: [libjvm.dylib+0x48b452], sa_mask[0]=00100000000000000000000000000000, sa_flags=SA_RESTART|SA_SIGINFO
SIGHUP: [libjvm.dylib+0x489a1d], sa_mask[0]=11111111011111110111111111111111, sa_flags=SA_RESTART|SA_SIGINFO
SIGINT: [libjvm.dylib+0x489a1d], sa_mask[0]=11111111011111110111111111111111, sa_flags=SA_RESTART|SA_SIGINFO
SIGTERM: [libjvm.dylib+0x489a1d], sa_mask[0]=11111111011111110111111111111111, sa_flags=SA_RESTART|SA_SIGINFO
SIGQUIT: [libjvm.dylib+0x489a1d], sa_mask[0]=11111111011111110111111111111111, sa_flags=SA_RESTART|SA_SIGINFO


---------------  S Y S T E M  ---------------

OS:Bsduname:Darwin 17.7.0 Darwin Kernel Version 17.7.0: Thu Jun 21 22:53:14 PDT 2018; root:xnu-4570.71.2~1/RELEASE_X86_64 x86_64
rlimit: STACK 8192k, CORE 0k, NPROC 1418, NOFILE 10240, AS infinity
load average:2.43 2.46 2.58

CPU:total 8 (initial active 8) (4 cores per cpu, 2 threads per core) family 6 model 158 stepping 9, cmov, cx8, fxsr, mmx, sse, sse2, sse3, ssse3, sse4.1, sse4.2, popcnt, avx, avx2, aes, clmul, erms, rtm, 3dnowpref, lzcnt, ht, tsc, tscinvbit, bmi1, bmi2, adx

Memory: 4k page, physical 16777216k(1145684k free)

/proc/meminfo:


vm_info: Java HotSpot(TM) 64-Bit Server VM (25.181-b13) for bsd-amd64 JRE (1.8.0_181-b13), built on Jul  7 2018 01:02:31 by "java_re" with gcc 4.2.1 (Based on Apple Inc. build 5658) (LLVM build 2336.11.00)

time: Sat Nov 10 17:38:16 2018
elapsed time: 189 seconds (0d 0h 3m 9s)

