#
# A fatal error has been detected by the Java Runtime Environment:
#
#  SIGSEGV (0xb) at pc=0x00007fff62546ea9, pid=17578, tid=0x0000000000000307
#
# JRE version: Java(TM) SE Runtime Environment (8.0_181-b13) (build 1.8.0_181-b13)
# Java VM: Java HotSpot(TM) 64-Bit Server VM (25.181-b13 mixed mode bsd-amd64 compressed oops)
# Problematic frame:
# C  [libobjc.A.dylib+0x6ea9]  objc_msgSend+0x29
#
# Failed to write core dump. Core dumps have been disabled. To enable core dumping, try "ulimit -c unlimited" before starting Java again
#
# If you would like to submit a bug report, please visit:
#   http://bugreport.java.com/bugreport/crash.jsp
# The crash happened outside the Java Virtual Machine in native code.
# See problematic frame for where to report the bug.
#

---------------  T H R E A D  ---------------

Current thread (0x00007ff345908800):  JavaThread "AWT-AppKit" daemon [_thread_in_native, id=775, stack(0x00007ffeed277000,0x00007ffeeda77000)]

siginfo: si_signo: 11 (SIGSEGV), si_code: 1 (SEGV_MAPERR), si_addr: 0x0000012800000490

Registers:
RAX=0x00007ff34d069790, RBX=0x0000000122122450, RCX=0x0000000000000001, RDX=0x0000000000000000
RSP=0x00007ffeeda722f8, RBP=0x00007ffeeda723b0, RSI=0x00007fff3955b31e, RDI=0x00007ff34d46cb80
R8 =0x00000000346d019d, R9 =0x0000000000000001, R10=0x0000000111732d10, R11=0x0000012800000490
R12=0x0000000000000000, R13=0x00000001959815a8, R14=0x0000000122122440, R15=0x00007ff345908800
RIP=0x00007fff62546ea9, EFLAGS=0x0000000000010206, ERR=0x0000000000000004
  TRAPNO=0x000000000000000e

Top of Stack: (sp=0x00007ffeeda722f8)
0x00007ffeeda722f8:   0000000122120157 00007ffeeda72350
0x00007ffeeda72308:   0000000000000003 00007ffeeda72330
0x00007ffeeda72318:   000000010334364e 00000001959815a8
0x00007ffeeda72328:   00000001959815a8 00007ff34d069790
0x00007ffeeda72338:   00000001221226a0 0000000122122710
0x00007ffeeda72348:   00007fff953fab38 00007fff96b4a178
0x00007ffeeda72358:   0000000122122450 0000000122122690
0x00007ffeeda72368:   00007ff34d069790 00007ff34d46cb80
0x00007ffeeda72378:   00007ff344f85760 00007ff34d069790
0x00007ffeeda72388:   00007ff34d46cb80 00007ffeeda72438
0x00007ffeeda72398:   00007ff3459089f8 00000001959815a8
0x00007ffeeda723a8:   00007ffeeda72460 00007ffeeda72428
0x00007ffeeda723b8:   0000000111377667 00000001959815a8
0x00007ffeeda723c8:   00007ffeeda72460 00007ffeeda72428
0x00007ffeeda723d8:   00000001113773c7 0000000111377382
0x00007ffeeda723e8:   00007ffeeda723e8 00000001959815a8
0x00007ffeeda723f8:   00007ffeeda72460 00000001959841e0
0x00007ffeeda72408:   0000000000000000 00000001959815a8
0x00007ffeeda72418:   0000000000000000 00007ffeeda72448
0x00007ffeeda72428:   00007ffeeda724a8 00000001113672bd
0x00007ffeeda72438:   00000006c0b79ae0 0000000111370d18
0x00007ffeeda72448:   00007ff34d069790 00007ffeeda724a8
0x00007ffeeda72458:   00007ff34d46cb80 0000000111372782
0x00007ffeeda72468:   00007ffeeda72468 0000000195981772
0x00007ffeeda72478:   00007ffeeda724d0 00000001959841e0
0x00007ffeeda72488:   0000000000000000 0000000195981780
0x00007ffeeda72498:   00007ffeeda72448 00007ffeeda724b8
0x00007ffeeda724a8:   00007ffeeda72518 00000001113672bd
0x00007ffeeda724b8:   00007ff34d069790 00000006c096e0f8
0x00007ffeeda724c8:   00007ff34d46cb80 00000006c096e0f8
0x00007ffeeda724d8:   00007ffeeda724d8 0000000196fed666
0x00007ffeeda724e8:   00007ffeeda72528 0000000196fed720 

Instructions: (pc=0x00007fff62546ea9)
0x00007fff62546e89:   01 2e 75 66 49 ba f8 ff ff ff ff 7f 00 00 4c 23
0x00007fff62546e99:   17 49 89 f3 45 23 5a 18 49 c1 e3 04 4d 03 5a 10
0x00007fff62546ea9:   49 3b 33 75 04 41 ff 63 08 49 83 3b 01 76 0d 49
0x00007fff62546eb9:   83 c3 10 49 3b 33 75 f1 41 ff 63 08 72 64 4d 8b 

Register to memory mapping:

RAX=0x00007ff34d069790 is an unknown value
RBX=0x0000000122122450: Java_jogamp_nativewindow_macosx_OSXUtil_GetScreenRefreshRate0+0x1cf0 in /private/var/folders/39/2n8f3lmx0c16kyn2kvwy0dxc0000gn/T/jogamp_0000/file_cache/jln1146472663978368230/jln2581609039525732299/libnativewindow_macosx.jnilib at 0x000000012211b000
RCX=0x0000000000000001 is an unknown value
RDX=0x0000000000000000 is an unknown value
RSP=0x00007ffeeda722f8 is pointing into the stack for thread: 0x00007ff345908800
RBP=0x00007ffeeda723b0 is pointing into the stack for thread: 0x00007ff345908800
RSI=0x00007fff3955b31e: .str.41.llvm.C4DC25C8+0x43861 in /System/Library/Frameworks/AppKit.framework/Versions/C/AppKit at 0x00007fff38881000
RDI=0x00007ff34d46cb80 is an unknown value
R8 =0x00000000346d019d is an unknown value
R9 =0x0000000000000001 is an unknown value
R10=0x0000000111732d10 is at entry_point+-368 in (nmethod*)0x0000000111732d10
R11=0x0000012800000490 is an unknown value
R12=0x0000000000000000 is an unknown value
R13={method} {0x00000001959815a8} 'UnsetJAWTRootSurfaceLayer0' '(JJ)V' in 'jogamp/nativewindow/jawt/macosx/MacOSXJAWTWindow'
R14=0x0000000122122440: Java_jogamp_nativewindow_macosx_OSXUtil_GetScreenRefreshRate0+0x1ce0 in /private/var/folders/39/2n8f3lmx0c16kyn2kvwy0dxc0000gn/T/jogamp_0000/file_cache/jln1146472663978368230/jln2581609039525732299/libnativewindow_macosx.jnilib at 0x000000012211b000
R15=0x00007ff345908800 is a thread


Stack: [0x00007ffeed277000,0x00007ffeeda77000],  sp=0x00007ffeeda722f8,  free space=8172k
Native frames: (J=compiled Java code, j=interpreted, Vv=VM code, C=native code)
C  [libobjc.A.dylib+0x6ea9]  objc_msgSend+0x29
j  jogamp.nativewindow.jawt.macosx.MacOSXJAWTWindow.UnsetJAWTRootSurfaceLayer0(JJ)V+0
j  jogamp.nativewindow.jawt.macosx.MacOSXJAWTWindow.access$200(JJ)V+2
j  jogamp.nativewindow.jawt.macosx.MacOSXJAWTWindow$1.run()V+38
j  com.jogamp.common.util.RunnableTask.run()V+24
v  ~StubRoutines::call_stub
V  [libjvm.dylib+0x2efcba]  JavaCalls::call_helper(JavaValue*, methodHandle*, JavaCallArguments*, Thread*)+0x6ae
V  [libjvm.dylib+0x326ff8]  jni_invoke_nonstatic(JNIEnv_*, JavaValue*, _jobject*, JNICallType, _jmethodID*, JNI_ArgumentPusher*, Thread*)+0x2ec
V  [libjvm.dylib+0x3197db]  jni_CallVoidMethod+0x16b
C  [libnativewindow_macosx.jnilib+0x5326]  Java_jogamp_nativewindow_jawt_macosx_MacOSXJAWTWindow_UnsetJAWTRootSurfaceLayer0+0x2b6
C  [Foundation+0x682b5]  __NSThreadPerformPerform+0x14e
C  [CoreFoundation+0xa3a11]  __CFRUNLOOP_IS_CALLING_OUT_TO_A_SOURCE0_PERFORM_FUNCTION__+0x11
C  [CoreFoundation+0x15d42c]  __CFRunLoopDoSource0+0x6c
C  [CoreFoundation+0x864cc]  __CFRunLoopDoSources0+0x12c
C  [CoreFoundation+0x858ed]  __CFRunLoopRun+0x50d
C  [CoreFoundation+0x85153]  CFRunLoopRunSpecific+0x1e3
C  [HIToolbox+0x2fd96]  RunCurrentEventLoopInMode+0x11e
C  [HIToolbox+0x2fa0f]  ReceiveNextEventCommon+0x16e
C  [HIToolbox+0x2f884]  _BlockUntilNextEventMatchingListInModeWithFilter+0x40
C  [AppKit+0x41a73]  _DPSNextEvent+0x825
C  [AppKit+0x7d7e34]  -[NSApplication(NSEvent) _nextEventMatchingEventMask:untilDate:inMode:dequeue:]+0xbe4
C  [libosxapp.dylib+0x2328]  -[NSApplicationAWT nextEventMatchingMask:untilDate:inMode:dequeue:]+0x7c
C  [AppKit+0x36885]  -[NSApplication run]+0x2fc
C  [libosxapp.dylib+0x1f72]  +[NSApplicationAWT runAWTLoopWithApp:]+0x9c
C  [libawt_lwawt.dylib+0x4711f]  -[AWTStarter starter:]+0x389
C  [Foundation+0x682b5]  __NSThreadPerformPerform+0x14e
C  [CoreFoundation+0xa3a11]  __CFRUNLOOP_IS_CALLING_OUT_TO_A_SOURCE0_PERFORM_FUNCTION__+0x11
C  [CoreFoundation+0x15d42c]  __CFRunLoopDoSource0+0x6c
C  [CoreFoundation+0x86470]  __CFRunLoopDoSources0+0xd0
C  [CoreFoundation+0x858ed]  __CFRunLoopRun+0x50d
C  [CoreFoundation+0x85153]  CFRunLoopRunSpecific+0x1e3
C  [java+0x646e]  CreateExecutionEnvironment+0x367
C  [java+0x203c]  JLI_Launch+0x7a0
C  [java+0x84cb]  main+0x65
C  [java+0x1894]  start+0x34
C  0x0000000000000007

Java frames: (J=compiled Java code, j=interpreted, Vv=VM code)
j  jogamp.nativewindow.jawt.macosx.MacOSXJAWTWindow.UnsetJAWTRootSurfaceLayer0(JJ)V+0
j  jogamp.nativewindow.jawt.macosx.MacOSXJAWTWindow.access$200(JJ)V+2
j  jogamp.nativewindow.jawt.macosx.MacOSXJAWTWindow$1.run()V+38
j  com.jogamp.common.util.RunnableTask.run()V+24
v  ~StubRoutines::call_stub

---------------  P R O C E S S  ---------------

Java Threads: ( => current thread )
  0x00007ff3509e8000 JavaThread "Thread-33" [_thread_blocked, id=24683, stack(0x000070000f653000,0x000070000f753000)]
  0x00007ff34525c800 JavaThread "Animation Thread" [_thread_blocked, id=69135, stack(0x000070000fd71000,0x000070000fe71000)]
  0x00007ff348837800 JavaThread "AWT-EventQueue-1" [_thread_blocked, id=71459, stack(0x000070000fef7000,0x000070000fff7000)]
  0x00007ff345003000 JavaThread "DestroyJavaVM" [_thread_blocked, id=9475, stack(0x000070000e194000,0x000070000e294000)]
  0x00007ff348115000 JavaThread "AWT-EventQueue-0" [_thread_blocked, id=58899, stack(0x000070000fc6e000,0x000070000fd6e000)]
  0x00007ff3451f2000 JavaThread "Java2D Disposer" daemon [_thread_blocked, id=58383, stack(0x000070000fa68000,0x000070000fb68000)]
  0x00007ff3459c6000 JavaThread "Java2D Queue Flusher" daemon [_thread_blocked, id=76551, stack(0x000070000f965000,0x000070000fa65000)]
  0x00007ff34806d000 JavaThread "AWT-Shutdown" [_thread_blocked, id=26411, stack(0x000070000f550000,0x000070000f650000)]
=>0x00007ff345908800 JavaThread "AWT-AppKit" daemon [_thread_in_native, id=775, stack(0x00007ffeed277000,0x00007ffeeda77000)]
  0x00007ff348026000 JavaThread "Service Thread" daemon [_thread_blocked, id=16131, stack(0x000070000f2c7000,0x000070000f3c7000)]
  0x00007ff346005000 JavaThread "C1 CompilerThread3" daemon [_thread_blocked, id=16387, stack(0x000070000f1c4000,0x000070000f2c4000)]
  0x00007ff346004800 JavaThread "C2 CompilerThread2" daemon [_thread_blocked, id=16643, stack(0x000070000f0c1000,0x000070000f1c1000)]
  0x00007ff345804800 JavaThread "C2 CompilerThread1" daemon [_thread_blocked, id=16899, stack(0x000070000efbe000,0x000070000f0be000)]
  0x00007ff345032000 JavaThread "C2 CompilerThread0" daemon [_thread_blocked, id=14083, stack(0x000070000eebb000,0x000070000efbb000)]
  0x00007ff345820000 JavaThread "Signal Dispatcher" daemon [_thread_blocked, id=13835, stack(0x000070000edb8000,0x000070000eeb8000)]
  0x00007ff347802000 JavaThread "Finalizer" daemon [_thread_blocked, id=19203, stack(0x000070000ecb5000,0x000070000edb5000)]
  0x00007ff34581f800 JavaThread "Reference Handler" daemon [_thread_blocked, id=19459, stack(0x000070000ebb2000,0x000070000ecb2000)]

Other Threads:
  0x00007ff34702a800 VMThread [stack: 0x000070000eaaf000,0x000070000ebaf000] [id=19715]
  0x00007ff345000800 WatcherThread [stack: 0x000070000f3ca000,0x000070000f4ca000] [id=15619]

VM state:not at safepoint (normal execution)

VM Mutex/Monitor currently owned by a thread: None

Heap:
 PSYoungGen      total 40960K, used 9051K [0x000000076ab00000, 0x000000076dd80000, 0x00000007c0000000)
  eden space 40448K, 21% used [0x000000076ab00000,0x000000076b3a6d08,0x000000076d280000)
  from space 512K, 37% used [0x000000076d300000,0x000000076d330000,0x000000076d380000)
  to   space 5632K, 0% used [0x000000076d800000,0x000000076d800000,0x000000076dd80000)
 ParOldGen       total 175104K, used 19563K [0x00000006c0000000, 0x00000006cab00000, 0x000000076ab00000)
  object space 175104K, 11% used [0x00000006c0000000,0x00000006c131af60,0x00000006cab00000)
 Metaspace       used 19714K, capacity 20125K, committed 20352K, reserved 1067008K
  class space    used 1953K, capacity 2061K, committed 2176K, reserved 1048576K

Card table byte_map: [0x00000001045ea000,0x0000000104deb000] byte_map_base: 0x0000000100fea000

Marking Bits: (ParMarkBitMap*) 0x0000000103af9cd0
 Begin Bits: [0x0000000105341000, 0x0000000109341000)
 End Bits:   [0x0000000109341000, 0x000000010d341000)

Polling page: 0x00000001021d8000

CodeCache: size=245760Kb used=8184Kb max_used=8622Kb free=237575Kb
 bounds [0x000000011135f000, 0x0000000111c0f000, 0x000000012035f000]
 total_blobs=3184 nmethods=2280 adapters=817
 compilation: enabled

Compilation events (10 events):
Event: 584.479 Thread 0x00007ff345032000 nmethod 2544 0x00000001117a9490 code [0x00000001117a95e0, 0x00000001117a96b8]
Event: 584.479 Thread 0x00007ff345804800 nmethod 2545 0x00000001117a0390 code [0x00000001117a04e0, 0x00000001117a0558]
Event: 584.480 Thread 0x00007ff346005000 2548       3       sun.java2d.pipe.RenderBuffer::putFloat (26 bytes)
Event: 584.480 Thread 0x00007ff346005000 nmethod 2548 0x00000001117ab950 code [0x00000001117abac0, 0x00000001117abc50]
Event: 584.480 Thread 0x00007ff346005000 2547       1       sun.java2d.SurfaceData::isValid (5 bytes)
Event: 584.480 Thread 0x00007ff346005000 nmethod 2547 0x00000001118f8b90 code [0x00000001118f8ce0, 0x00000001118f8df0]
Event: 584.495 Thread 0x00007ff346005000 2549       3       sun.misc.JarIndex::get (49 bytes)
Event: 584.496 Thread 0x00007ff346005000 nmethod 2549 0x00000001117c7450 code [0x00000001117c7620, 0x00000001117c7e98]
Event: 584.515 Thread 0x00007ff346005000 2550       3       java.lang.invoke.LambdaForm::uncustomize (58 bytes)
Event: 584.515 Thread 0x00007ff346005000 nmethod 2550 0x0000000111732d10 code [0x0000000111732e80, 0x0000000111733130]

GC Heap History (10 events):
Event: 525.914 GC heap before
{Heap before GC invocations=31 (full 0):
 PSYoungGen      total 50176K, used 43104K [0x000000076ab00000, 0x000000076e500000, 0x00000007c0000000)
  eden space 43008K, 100% used [0x000000076ab00000,0x000000076d500000,0x000000076d500000)
  from space 7168K, 1% used [0x000000076de00000,0x000000076de18000,0x000000076e500000)
  to   space 8192K, 0% used [0x000000076d500000,0x000000076d500000,0x000000076dd00000)
 ParOldGen       total 175104K, used 19531K [0x00000006c0000000, 0x00000006cab00000, 0x000000076ab00000)
  object space 175104K, 11% used [0x00000006c0000000,0x00000006c1312f60,0x00000006cab00000)
 Metaspace       used 19491K, capacity 19833K, committed 19968K, reserved 1067008K
  class space    used 1940K, capacity 2027K, committed 2048K, reserved 1048576K
Event: 525.916 GC heap after
Heap after GC invocations=31 (full 0):
 PSYoungGen      total 43008K, used 160K [0x000000076ab00000, 0x000000076e380000, 0x00000007c0000000)
  eden space 42496K, 0% used [0x000000076ab00000,0x000000076ab00000,0x000000076d480000)
  from space 512K, 31% used [0x000000076d500000,0x000000076d528000,0x000000076d580000)
  to   space 7680K, 0% used [0x000000076dc00000,0x000000076dc00000,0x000000076e380000)
 ParOldGen       total 175104K, used 19531K [0x00000006c0000000, 0x00000006cab00000, 0x000000076ab00000)
  object space 175104K, 11% used [0x00000006c0000000,0x00000006c1312f60,0x00000006cab00000)
 Metaspace       used 19491K, capacity 19833K, committed 19968K, reserved 1067008K
  class space    used 1940K, capacity 2027K, committed 2048K, reserved 1048576K
}
Event: 540.346 GC heap before
{Heap before GC invocations=32 (full 0):
 PSYoungGen      total 43008K, used 42656K [0x000000076ab00000, 0x000000076e380000, 0x00000007c0000000)
  eden space 42496K, 100% used [0x000000076ab00000,0x000000076d480000,0x000000076d480000)
  from space 512K, 31% used [0x000000076d500000,0x000000076d528000,0x000000076d580000)
  to   space 7680K, 0% used [0x000000076dc00000,0x000000076dc00000,0x000000076e380000)
 ParOldGen       total 175104K, used 19531K [0x00000006c0000000, 0x00000006cab00000, 0x000000076ab00000)
  object space 175104K, 11% used [0x00000006c0000000,0x00000006c1312f60,0x00000006cab00000)
 Metaspace       used 19491K, capacity 19833K, committed 19968K, reserved 1067008K
  class space    used 1940K, capacity 2027K, committed 2048K, reserved 1048576K
Event: 540.348 GC heap after
Heap after GC invocations=32 (full 0):
 PSYoungGen      total 48128K, used 224K [0x000000076ab00000, 0x000000076e200000, 0x00000007c0000000)
  eden space 41984K, 0% used [0x000000076ab00000,0x000000076ab00000,0x000000076d400000)
  from space 6144K, 3% used [0x000000076dc00000,0x000000076dc38000,0x000000076e200000)
  to   space 7168K, 0% used [0x000000076d400000,0x000000076d400000,0x000000076db00000)
 ParOldGen       total 175104K, used 19531K [0x00000006c0000000, 0x00000006cab00000, 0x000000076ab00000)
  object space 175104K, 11% used [0x00000006c0000000,0x00000006c1312f60,0x00000006cab00000)
 Metaspace       used 19491K, capacity 19833K, committed 19968K, reserved 1067008K
  class space    used 1940K, capacity 2027K, committed 2048K, reserved 1048576K
}
Event: 554.563 GC heap before
{Heap before GC invocations=33 (full 0):
 PSYoungGen      total 48128K, used 42208K [0x000000076ab00000, 0x000000076e200000, 0x00000007c0000000)
  eden space 41984K, 100% used [0x000000076ab00000,0x000000076d400000,0x000000076d400000)
  from space 6144K, 3% used [0x000000076dc00000,0x000000076dc38000,0x000000076e200000)
  to   space 7168K, 0% used [0x000000076d400000,0x000000076d400000,0x000000076db00000)
 ParOldGen       total 175104K, used 19531K [0x00000006c0000000, 0x00000006cab00000, 0x000000076ab00000)
  object space 175104K, 11% used [0x00000006c0000000,0x00000006c1312f60,0x00000006cab00000)
 Metaspace       used 19491K, capacity 19833K, committed 19968K, reserved 1067008K
  class space    used 1940K, capacity 2027K, committed 2048K, reserved 1048576K
Event: 554.565 GC heap after
Heap after GC invocations=33 (full 0):
 PSYoungGen      total 41984K, used 224K [0x000000076ab00000, 0x000000076e080000, 0x00000007c0000000)
  eden space 41472K, 0% used [0x000000076ab00000,0x000000076ab00000,0x000000076d380000)
  from space 512K, 43% used [0x000000076d400000,0x000000076d438000,0x000000076d480000)
  to   space 6656K, 0% used [0x000000076da00000,0x000000076da00000,0x000000076e080000)
 ParOldGen       total 175104K, used 19531K [0x00000006c0000000, 0x00000006cab00000, 0x000000076ab00000)
  object space 175104K, 11% used [0x00000006c0000000,0x00000006c1312f60,0x00000006cab00000)
 Metaspace       used 19491K, capacity 19833K, committed 19968K, reserved 1067008K
  class space    used 1940K, capacity 2027K, committed 2048K, reserved 1048576K
}
Event: 568.613 GC heap before
{Heap before GC invocations=34 (full 0):
 PSYoungGen      total 41984K, used 41696K [0x000000076ab00000, 0x000000076e080000, 0x00000007c0000000)
  eden space 41472K, 100% used [0x000000076ab00000,0x000000076d380000,0x000000076d380000)
  from space 512K, 43% used [0x000000076d400000,0x000000076d438000,0x000000076d480000)
  to   space 6656K, 0% used [0x000000076da00000,0x000000076da00000,0x000000076e080000)
 ParOldGen       total 175104K, used 19531K [0x00000006c0000000, 0x00000006cab00000, 0x000000076ab00000)
  object space 175104K, 11% used [0x00000006c0000000,0x00000006c1312f60,0x00000006cab00000)
 Metaspace       used 19510K, capacity 19833K, committed 19968K, reserved 1067008K
  class space    used 1940K, capacity 2027K, committed 2048K, reserved 1048576K
Event: 568.615 GC heap after
Heap after GC invocations=34 (full 0):
 PSYoungGen      total 46080K, used 192K [0x000000076ab00000, 0x000000076df00000, 0x00000007c0000000)
  eden space 40960K, 0% used [0x000000076ab00000,0x000000076ab00000,0x000000076d300000)
  from space 5120K, 3% used [0x000000076da00000,0x000000076da30000,0x000000076df00000)
  to   space 6144K, 0% used [0x000000076d300000,0x000000076d300000,0x000000076d900000)
 ParOldGen       total 175104K, used 19531K [0x00000006c0000000, 0x00000006cab00000, 0x000000076ab00000)
  object space 175104K, 11% used [0x00000006c0000000,0x00000006c1312f60,0x00000006cab00000)
 Metaspace       used 19510K, capacity 19833K, committed 19968K, reserved 1067008K
  class space    used 1940K, capacity 2027K, committed 2048K, reserved 1048576K
}
Event: 582.179 GC heap before
{Heap before GC invocations=35 (full 0):
 PSYoungGen      total 46080K, used 41152K [0x000000076ab00000, 0x000000076df00000, 0x00000007c0000000)
  eden space 40960K, 100% used [0x000000076ab00000,0x000000076d300000,0x000000076d300000)
  from space 5120K, 3% used [0x000000076da00000,0x000000076da30000,0x000000076df00000)
  to   space 6144K, 0% used [0x000000076d300000,0x000000076d300000,0x000000076d900000)
 ParOldGen       total 175104K, used 19531K [0x00000006c0000000, 0x00000006cab00000, 0x000000076ab00000)
  object space 175104K, 11% used [0x00000006c0000000,0x00000006c1312f60,0x00000006cab00000)
 Metaspace       used 19641K, capacity 19961K, committed 20224K, reserved 1067008K
  class space    used 1940K, capacity 2027K, committed 2048K, reserved 1048576K
Event: 582.182 GC heap after
Heap after GC invocations=35 (full 0):
 PSYoungGen      total 40960K, used 192K [0x000000076ab00000, 0x000000076dd80000, 0x00000007c0000000)
  eden space 40448K, 0% used [0x000000076ab00000,0x000000076ab00000,0x000000076d280000)
  from space 512K, 37% used [0x000000076d300000,0x000000076d330000,0x000000076d380000)
  to   space 5632K, 0% used [0x000000076d800000,0x000000076d800000,0x000000076dd80000)
 ParOldGen       total 175104K, used 19563K [0x00000006c0000000, 0x00000006cab00000, 0x000000076ab00000)
  object space 175104K, 11% used [0x00000006c0000000,0x00000006c131af60,0x00000006cab00000)
 Metaspace       used 19641K, capacity 19961K, committed 20224K, reserved 1067008K
  class space    used 1940K, capacity 2027K, committed 2048K, reserved 1048576K
}

Deoptimization events (10 events):
Event: 584.494 Thread 0x00007ff348115000 Uncommon trap: reason=class_check action=maybe_recompile pc=0x0000000111bbee34 method=java.awt.Component.getGraphics()Ljava/awt/Graphics; @ 114
Event: 584.495 Thread 0x00007ff348837800 Uncommon trap: reason=class_check action=maybe_recompile pc=0x0000000111bada84 method=java.awt.event.InvocationEvent.dispatch()V @ 11
Event: 584.496 Thread 0x00007ff345908800 Uncommon trap: reason=class_check action=maybe_recompile pc=0x000000011147b6c0 method=com.jogamp.common.util.RunnableTask.run()V @ 24
Event: 584.497 Thread 0x00007ff345908800 Uncommon trap: reason=unstable_if action=reinterpret pc=0x00000001114bbdbc method=jogamp.nativewindow.macosx.OSXUtil.RunOnMainThread(ZZLjava/lang/Runnable;)V @ 3
Event: 584.510 Thread 0x00007ff348837800 Uncommon trap: reason=unstable_if action=reinterpret pc=0x0000000111bd675c method=jogamp.opengl.GLContextImpl.release(Z)V @ 161
Event: 584.512 Thread 0x00007ff348837800 Uncommon trap: reason=unstable_if action=reinterpret pc=0x0000000111b470d8 method=java.util.LinkedList$ListItr.<init>(Ljava/util/LinkedList;I)V @ 26
Event: 584.513 Thread 0x00007ff348837800 Uncommon trap: reason=unstable_if action=reinterpret pc=0x0000000111a02d84 method=java.security.AccessControlContext.optimize()Ljava/security/AccessControlContext; @ 233
Event: 584.514 Thread 0x00007ff348115000 Uncommon trap: reason=class_check action=maybe_recompile pc=0x0000000111bbee34 method=java.awt.Component.getGraphics()Ljava/awt/Graphics; @ 114
Event: 584.515 Thread 0x00007ff348837800 Uncommon trap: reason=class_check action=maybe_recompile pc=0x0000000111bada84 method=java.awt.event.InvocationEvent.dispatch()V @ 11
Event: 584.515 Thread 0x00007ff345908800 Uncommon trap: reason=class_check action=maybe_recompile pc=0x000000011147b6c0 method=com.jogamp.common.util.RunnableTask.run()V @ 24

Classes redefined (0 events):
No events

Internal exceptions (10 events):
Event: 0.140 Thread 0x00007ff345003000 Exception <a 'java/lang/NoSuchFieldError': method resolution failed> (0x000000076adb8d58) thrown at [/Users/java_re/workspace/8-2-build-macosx-x86_64/jdk8u181/11358/hotspot/src/share/vm/prims/methodHandles.cpp, line 1167]
Event: 0.324 Thread 0x00007ff345003000 Exception <a 'java/io/FileNotFoundException'> (0x000000076ae34478) thrown at [/Users/java_re/workspace/8-2-build-macosx-x86_64/jdk8u181/11358/hotspot/src/share/vm/prims/jni.cpp, line 709]
Event: 0.324 Thread 0x00007ff345003000 Exception <a 'java/io/FileNotFoundException'> (0x000000076ae35018) thrown at [/Users/java_re/workspace/8-2-build-macosx-x86_64/jdk8u181/11358/hotspot/src/share/vm/prims/jni.cpp, line 709]
Event: 0.397 Thread 0x00007ff345003000 Exception <a 'java/io/FileNotFoundException'> (0x000000076aeb7e20) thrown at [/Users/java_re/workspace/8-2-build-macosx-x86_64/jdk8u181/11358/hotspot/src/share/vm/prims/jni.cpp, line 709]
Event: 1.872 Thread 0x00007ff34525c800 Exception <a 'java/lang/UnsatisfiedLinkError': com.jogamp.common.util.JarUtil.fixNativeLibAttribs(Ljava/lang/String;)Z> (0x000000076c643060) thrown at [/Users/java_re/workspace/8-2-build-macosx-x86_64/jdk8u181/11358/hotspot/src/share/vm/prims/nativeLookup
Event: 2.687 Thread 0x00007ff348837800 Exception <a 'java/io/FileNotFoundException'> (0x000000076d842218) thrown at [/Users/java_re/workspace/8-2-build-macosx-x86_64/jdk8u181/11358/hotspot/src/share/vm/prims/jni.cpp, line 709]
Event: 2.687 Thread 0x00007ff348837800 Exception <a 'java/io/FileNotFoundException'> (0x000000076d848b38) thrown at [/Users/java_re/workspace/8-2-build-macosx-x86_64/jdk8u181/11358/hotspot/src/share/vm/prims/jni.cpp, line 709]
Event: 2.688 Thread 0x00007ff348837800 Implicit null exception at 0x000000011154adf6 to 0x000000011154b1b9
Event: 2.785 Thread 0x00007ff348837800 Implicit null exception at 0x000000011171c9c6 to 0x000000011171cc0d
Event: 3.082 Thread 0x00007ff347802000 Exception <a 'java/lang/NullPointerException'> (0x000000076aecb838) thrown at [/Users/java_re/workspace/8-2-build-macosx-x86_64/jdk8u181/11358/hotspot/src/share/vm/interpreter/linkResolver.cpp, line 1185]

Events (10 events):
Event: 584.514 Thread 0x00007ff348115000 DEOPT PACKING pc=0x0000000111bbee34 sp=0x000070000fd6bca0
Event: 584.514 Thread 0x00007ff348115000 DEOPT UNPACKING pc=0x00000001113a473a sp=0x000070000fd6bcb0 mode 2
Event: 584.514 loading class java/awt/Window$1DisposeAction
Event: 584.514 loading class java/awt/Window$1DisposeAction done
Event: 584.515 Thread 0x00007ff348837800 Uncommon trap: trap_request=0xffffffde fr.pc=0x0000000111bada84
Event: 584.515 Thread 0x00007ff348837800 DEOPT PACKING pc=0x0000000111bada84 sp=0x000070000fff4fa0
Event: 584.515 Thread 0x00007ff348837800 DEOPT UNPACKING pc=0x00000001113a473a sp=0x000070000fff4e28 mode 2
Event: 584.515 Thread 0x00007ff345908800 Uncommon trap: trap_request=0xffffffde fr.pc=0x000000011147b6c0
Event: 584.515 Thread 0x00007ff345908800 DEOPT PACKING pc=0x000000011147b6c0 sp=0x00007ffeeda72570
Event: 584.515 Thread 0x00007ff345908800 DEOPT UNPACKING pc=0x00000001113a473a sp=0x00007ffeeda72518 mode 2


Dynamic libraries:
0x00007fff3aaef000 	/System/Library/Frameworks/Cocoa.framework/Versions/A/Cocoa
0x00007fff47109000 	/System/Library/Frameworks/Security.framework/Versions/A/Security
0x00007fff39731000 	/System/Library/Frameworks/ApplicationServices.framework/Versions/A/ApplicationServices
0x00007fff62f56000 	/usr/lib/libz.1.dylib
0x00007fff60e87000 	/usr/lib/libSystem.B.dylib
0x00007fff62540000 	/usr/lib/libobjc.A.dylib
0x00007fff3b2a2000 	/System/Library/Frameworks/CoreFoundation.framework/Versions/A/CoreFoundation
0x00007fff3d403000 	/System/Library/Frameworks/Foundation.framework/Versions/C/Foundation
0x00007fff38881000 	/System/Library/Frameworks/AppKit.framework/Versions/C/AppKit
0x00007fff3ae67000 	/System/Library/Frameworks/CoreData.framework/Versions/A/CoreData
0x00007fff5a7c7000 	/System/Library/PrivateFrameworks/RemoteViewServices.framework/Versions/A/RemoteViewServices
0x00007fff5ef2c000 	/System/Library/PrivateFrameworks/UIFoundation.framework/Versions/A/UIFoundation
0x00007fff4f5d1000 	/System/Library/PrivateFrameworks/DFRFoundation.framework/Versions/A/DFRFoundation
0x00007fff3fa6f000 	/System/Library/Frameworks/Metal.framework/Versions/A/Metal
0x00007fff4f76e000 	/System/Library/PrivateFrameworks/DesktopServicesPriv.framework/Versions/A/DesktopServicesPriv
0x00007fff61a8d000 	/usr/lib/libenergytrace.dylib
0x00007fff5cf97000 	/System/Library/PrivateFrameworks/SkyLight.framework/Versions/A/SkyLight
0x00007fff3b745000 	/System/Library/Frameworks/CoreGraphics.framework/Versions/A/CoreGraphics
0x00007fff60e82000 	/usr/lib/libScreenReader.dylib
0x00007fff3781b000 	/System/Library/Frameworks/Accelerate.framework/Versions/A/Accelerate
0x00007fff3db7d000 	/System/Library/Frameworks/IOSurface.framework/Versions/A/IOSurface
0x00007fff39c7b000 	/System/Library/Frameworks/AudioToolbox.framework/Versions/A/AudioToolbox
0x00007fff39f0b000 	/System/Library/Frameworks/AudioUnit.framework/Versions/A/AudioUnit
0x00007fff4f669000 	/System/Library/PrivateFrameworks/DataDetectorsCore.framework/Versions/A/DataDetectorsCore
0x00007fff3a5e2000 	/System/Library/Frameworks/Carbon.framework/Versions/A/Frameworks/HIToolbox.framework/Versions/A/HIToolbox
0x00007fff61be7000 	/usr/lib/libicucore.A.dylib
0x00007fff46687000 	/System/Library/Frameworks/QuartzCore.framework/Versions/A/QuartzCore
0x00007fff5c24e000 	/System/Library/PrivateFrameworks/SignpostNotification.framework/Versions/A/SignpostNotification
0x00007fff3a9c8000 	/System/Library/Frameworks/Carbon.framework/Versions/A/Frameworks/SpeechRecognition.framework/Versions/A/SpeechRecognition
0x00007fff60fe3000 	/usr/lib/libauto.dylib
0x00007fff62e45000 	/usr/lib/libxml2.2.dylib
0x00007fff4f222000 	/System/Library/PrivateFrameworks/CoreUI.framework/Versions/A/CoreUI
0x00007fff3ad43000 	/System/Library/Frameworks/CoreAudio.framework/Versions/A/CoreAudio
0x00007fff3d23d000 	/System/Library/Frameworks/DiskArbitration.framework/Versions/A/DiskArbitration
0x00007fff61e5b000 	/usr/lib/liblangid.dylib
0x00007fff56ccd000 	/System/Library/PrivateFrameworks/MultitouchSupport.framework/Versions/A/MultitouchSupport
0x00007fff3dae0000 	/System/Library/Frameworks/IOKit.framework/Versions/A/IOKit
0x00007fff60b11000 	/usr/lib/libDiagnosticMessagesClient.dylib
0x00007fff3c41b000 	/System/Library/Frameworks/CoreServices.framework/Versions/A/CoreServices
0x00007fff587ff000 	/System/Library/PrivateFrameworks/PerformanceAnalysis.framework/Versions/A/PerformanceAnalysis
0x00007fff45829000 	/System/Library/Frameworks/OpenGL.framework/Versions/A/OpenGL
0x00007fff3aafd000 	/System/Library/Frameworks/ColorSync.framework/Versions/A/ColorSync
0x00007fff3bd57000 	/System/Library/Frameworks/CoreImage.framework/Versions/A/CoreImage
0x00007fff3cdab000 	/System/Library/Frameworks/CoreText.framework/Versions/A/CoreText
0x00007fff3dbdb000 	/System/Library/Frameworks/ImageIO.framework/Versions/A/ImageIO
0x00007fff4bf19000 	/System/Library/PrivateFrameworks/Backup.framework/Versions/A/Backup
0x00007fff60f33000 	/usr/lib/libarchive.2.dylib
0x00007fff3a22e000 	/System/Library/Frameworks/CFNetwork.framework/Versions/A/CFNetwork
0x00007fff4789c000 	/System/Library/Frameworks/SystemConfiguration.framework/Versions/A/SystemConfiguration
0x00007fff60a3a000 	/usr/lib/libCRFSuite.dylib
0x00007fff610bc000 	/usr/lib/libc++.1.dylib
0x00007fff61113000 	/usr/lib/libc++abi.dylib
0x00007fff63004000 	/usr/lib/system/libcache.dylib
0x00007fff63009000 	/usr/lib/system/libcommonCrypto.dylib
0x00007fff63014000 	/usr/lib/system/libcompiler_rt.dylib
0x00007fff6301c000 	/usr/lib/system/libcopyfile.dylib
0x00007fff63026000 	/usr/lib/system/libcorecrypto.dylib
0x00007fff63133000 	/usr/lib/system/libdispatch.dylib
0x00007fff6316d000 	/usr/lib/system/libdyld.dylib
0x00007fff6318b000 	/usr/lib/system/libkeymgr.dylib
0x00007fff63199000 	/usr/lib/system/liblaunch.dylib
0x00007fff6319a000 	/usr/lib/system/libmacho.dylib
0x00007fff6319f000 	/usr/lib/system/libquarantine.dylib
0x00007fff631a2000 	/usr/lib/system/libremovefile.dylib
0x00007fff631a4000 	/usr/lib/system/libsystem_asl.dylib
0x00007fff631bc000 	/usr/lib/system/libsystem_blocks.dylib
0x00007fff631bd000 	/usr/lib/system/libsystem_c.dylib
0x00007fff63247000 	/usr/lib/system/libsystem_configuration.dylib
0x00007fff6324b000 	/usr/lib/system/libsystem_coreservices.dylib
0x00007fff6324f000 	/usr/lib/system/libsystem_darwin.dylib
0x00007fff63251000 	/usr/lib/system/libsystem_dnssd.dylib
0x00007fff63258000 	/usr/lib/system/libsystem_info.dylib
0x00007fff632c9000 	/usr/lib/system/libsystem_m.dylib
0x00007fff63315000 	/usr/lib/system/libsystem_malloc.dylib
0x00007fff63335000 	/usr/lib/system/libsystem_network.dylib
0x00007fff63466000 	/usr/lib/system/libsystem_networkextension.dylib
0x00007fff63471000 	/usr/lib/system/libsystem_notify.dylib
0x00007fff6348f000 	/usr/lib/system/libsystem_sandbox.dylib
0x00007fff63493000 	/usr/lib/system/libsystem_secinit.dylib
0x00007fff632a2000 	/usr/lib/system/libsystem_kernel.dylib
0x00007fff6347b000 	/usr/lib/system/libsystem_platform.dylib
0x00007fff63483000 	/usr/lib/system/libsystem_pthread.dylib
0x00007fff63495000 	/usr/lib/system/libsystem_symptoms.dylib
0x00007fff6349d000 	/usr/lib/system/libsystem_trace.dylib
0x00007fff634b2000 	/usr/lib/system/libunwind.dylib
0x00007fff634b8000 	/usr/lib/system/libxpc.dylib
0x00007fff6094d000 	/usr/lib/closure/libclosured.dylib
0x00007fff6109d000 	/usr/lib/libbsm.0.dylib
0x00007fff6318c000 	/usr/lib/system/libkxld.dylib
0x00007fff60d4b000 	/usr/lib/libOpenScriptingUtil.dylib
0x00007fff6140c000 	/usr/lib/libcoretls.dylib
0x00007fff61425000 	/usr/lib/libcoretls_cfhelpers.dylib
0x00007fff62941000 	/usr/lib/libpam.2.dylib
0x00007fff62a68000 	/usr/lib/libsqlite3.dylib
0x00007fff62e34000 	/usr/lib/libxar.1.dylib
0x00007fff610ae000 	/usr/lib/libbz2.1.0.dylib
0x00007fff61e5d000 	/usr/lib/liblzma.5.dylib
0x00007fff6233e000 	/usr/lib/libnetwork.dylib
0x00007fff60f1c000 	/usr/lib/libapple_nghttp2.dylib
0x00007fff62948000 	/usr/lib/libpcap.A.dylib
0x00007fff60fe4000 	/usr/lib/libboringssl.dylib
0x00007fff62dcf000 	/usr/lib/libusrtcp.dylib
0x00007fff60f1b000 	/usr/lib/libapple_crypto.dylib
0x00007fff3c79e000 	/System/Library/Frameworks/CoreServices.framework/Versions/A/Frameworks/FSEvents.framework/Versions/A/FSEvents
0x00007fff3c491000 	/System/Library/Frameworks/CoreServices.framework/Versions/A/Frameworks/CarbonCore.framework/Versions/A/CarbonCore
0x00007fff3c965000 	/System/Library/Frameworks/CoreServices.framework/Versions/A/Frameworks/Metadata.framework/Versions/A/Metadata
0x00007fff3ca16000 	/System/Library/Frameworks/CoreServices.framework/Versions/A/Frameworks/OSServices.framework/Versions/A/OSServices
0x00007fff3ca77000 	/System/Library/Frameworks/CoreServices.framework/Versions/A/Frameworks/SearchKit.framework/Versions/A/SearchKit
0x00007fff3c41c000 	/System/Library/Frameworks/CoreServices.framework/Versions/A/Frameworks/AE.framework/Versions/A/AE
0x00007fff3c7a7000 	/System/Library/Frameworks/CoreServices.framework/Versions/A/Frameworks/LaunchServices.framework/Versions/A/LaunchServices
0x00007fff3c769000 	/System/Library/Frameworks/CoreServices.framework/Versions/A/Frameworks/DictionaryServices.framework/Versions/A/DictionaryServices
0x00007fff3cae6000 	/System/Library/Frameworks/CoreServices.framework/Versions/A/Frameworks/SharedFileList.framework/Versions/A/SharedFileList
0x00007fff40ca5000 	/System/Library/Frameworks/NetFS.framework/Versions/A/NetFS
0x00007fff56f5e000 	/System/Library/PrivateFrameworks/NetAuth.framework/Versions/A/NetAuth
0x00007fff607e4000 	/System/Library/PrivateFrameworks/login.framework/Versions/A/Frameworks/loginsupport.framework/Versions/A/loginsupport
0x00007fff5eba9000 	/System/Library/PrivateFrameworks/TCC.framework/Versions/A/TCC
0x00007fff61f3e000 	/usr/lib/libmecabra.dylib
0x00007fff39732000 	/System/Library/Frameworks/ApplicationServices.framework/Versions/A/Frameworks/ATS.framework/Versions/A/ATS
0x00007fff39ae0000 	/System/Library/Frameworks/ApplicationServices.framework/Versions/A/Frameworks/ColorSyncLegacy.framework/Versions/A/ColorSyncLegacy
0x00007fff39b84000 	/System/Library/Frameworks/ApplicationServices.framework/Versions/A/Frameworks/HIServices.framework/Versions/A/HIServices
0x00007fff39bd7000 	/System/Library/Frameworks/ApplicationServices.framework/Versions/A/Frameworks/LangAnalysis.framework/Versions/A/LangAnalysis
0x00007fff39be6000 	/System/Library/Frameworks/ApplicationServices.framework/Versions/A/Frameworks/PrintCore.framework/Versions/A/PrintCore
0x00007fff39c33000 	/System/Library/Frameworks/ApplicationServices.framework/Versions/A/Frameworks/QD.framework/Versions/A/QD
0x00007fff39c6e000 	/System/Library/Frameworks/ApplicationServices.framework/Versions/A/Frameworks/SpeechSynthesis.framework/Versions/A/SpeechSynthesis
0x00007fff3b1be000 	/System/Library/Frameworks/CoreDisplay.framework/Versions/A/CoreDisplay
0x00007fff37833000 	/System/Library/Frameworks/Accelerate.framework/Versions/A/Frameworks/vImage.framework/Versions/A/vImage
0x00007fff3858d000 	/System/Library/Frameworks/Accelerate.framework/Versions/A/Frameworks/vecLib.framework/Versions/A/vecLib
0x00007fff3832d000 	/System/Library/Frameworks/Accelerate.framework/Versions/A/Frameworks/vecLib.framework/Versions/A/libvDSP.dylib
0x00007fff37e8d000 	/System/Library/Frameworks/Accelerate.framework/Versions/A/Frameworks/vecLib.framework/Versions/A/libBNNS.dylib
0x00007fff38292000 	/System/Library/Frameworks/Accelerate.framework/Versions/A/Frameworks/vecLib.framework/Versions/A/libQuadrature.dylib
0x00007fff384db000 	/System/Library/Frameworks/Accelerate.framework/Versions/A/Frameworks/vecLib.framework/Versions/A/libvMisc.dylib
0x00007fff37ebc000 	/System/Library/Frameworks/Accelerate.framework/Versions/A/Frameworks/vecLib.framework/Versions/A/libLAPACK.dylib
0x00007fff37d32000 	/System/Library/Frameworks/Accelerate.framework/Versions/A/Frameworks/vecLib.framework/Versions/A/libBLAS.dylib
0x00007fff3827c000 	/System/Library/Frameworks/Accelerate.framework/Versions/A/Frameworks/vecLib.framework/Versions/A/libLinearAlgebra.dylib
0x00007fff38298000 	/System/Library/Frameworks/Accelerate.framework/Versions/A/Frameworks/vecLib.framework/Versions/A/libSparse.dylib
0x00007fff38319000 	/System/Library/Frameworks/Accelerate.framework/Versions/A/Frameworks/vecLib.framework/Versions/A/libSparseBLAS.dylib
0x00007fff53dad000 	/System/Library/PrivateFrameworks/GPUWrangler.framework/Versions/A/GPUWrangler
0x00007fff5553e000 	/System/Library/PrivateFrameworks/IOAccelerator.framework/Versions/A/IOAccelerator
0x00007fff55549000 	/System/Library/PrivateFrameworks/IOPresentment.framework/Versions/A/IOPresentment
0x00007fff4f5e3000 	/System/Library/PrivateFrameworks/DSExternalDisplay.framework/Versions/A/DSExternalDisplay
0x00007fff44ca8000 	/System/Library/Frameworks/OpenGL.framework/Versions/A/Libraries/libCoreFSCache.dylib
0x00007fff3cefc000 	/System/Library/Frameworks/CoreVideo.framework/Versions/A/CoreVideo
0x00007fff54b28000 	/System/Library/PrivateFrameworks/GraphVisualizer.framework/Versions/A/GraphVisualizer
0x00007fff3fca6000 	/System/Library/Frameworks/MetalPerformanceShaders.framework/Versions/A/MetalPerformanceShaders
0x00007fff60b49000 	/usr/lib/libFosl_dynamic.dylib
0x00007fff506b7000 	/System/Library/PrivateFrameworks/FaceCore.framework/Versions/A/FaceCore
0x00007fff43aa3000 	/System/Library/Frameworks/OpenCL.framework/Versions/A/OpenCL
0x00007fff6114a000 	/usr/lib/libcompression.dylib
0x00007fff39831000 	/System/Library/Frameworks/ApplicationServices.framework/Versions/A/Frameworks/ATS.framework/Versions/A/Resources/libFontParser.dylib
0x00007fff39954000 	/System/Library/Frameworks/ApplicationServices.framework/Versions/A/Frameworks/ATS.framework/Versions/A/Resources/libFontRegistry.dylib
0x00007fff3de43000 	/System/Library/Frameworks/ImageIO.framework/Versions/A/Resources/libJPEG.dylib
0x00007fff3e16c000 	/System/Library/Frameworks/ImageIO.framework/Versions/A/Resources/libTIFF.dylib
0x00007fff3e142000 	/System/Library/Frameworks/ImageIO.framework/Versions/A/Resources/libPng.dylib
0x00007fff3dd56000 	/System/Library/Frameworks/ImageIO.framework/Versions/A/Resources/libGIF.dylib
0x00007fff3dd5b000 	/System/Library/Frameworks/ImageIO.framework/Versions/A/Resources/libJP2.dylib
0x00007fff3e169000 	/System/Library/Frameworks/ImageIO.framework/Versions/A/Resources/libRadiance.dylib
0x00007fff4b644000 	/System/Library/PrivateFrameworks/AppleJPEG.framework/Versions/A/AppleJPEG
0x00007fff3fb0d000 	/System/Library/Frameworks/MetalPerformanceShaders.framework/Frameworks/MPSCore.framework/Versions/A/MPSCore
0x00007fff3fb29000 	/System/Library/Frameworks/MetalPerformanceShaders.framework/Frameworks/MPSImage.framework/Versions/A/MPSImage
0x00007fff3fbbe000 	/System/Library/Frameworks/MetalPerformanceShaders.framework/Frameworks/MPSNeuralNetwork.framework/Versions/A/MPSNeuralNetwork
0x00007fff3fb99000 	/System/Library/Frameworks/MetalPerformanceShaders.framework/Frameworks/MPSMatrix.framework/Versions/A/MPSMatrix
0x00007fff56a3f000 	/System/Library/PrivateFrameworks/MetalTools.framework/Versions/A/MetalTools
0x00007fff44e73000 	/System/Library/Frameworks/OpenGL.framework/Versions/A/Libraries/libGLU.dylib
0x00007fff44cb3000 	/System/Library/Frameworks/OpenGL.framework/Versions/A/Libraries/libGFXShared.dylib
0x00007fff44cbd000 	/System/Library/Frameworks/OpenGL.framework/Versions/A/Libraries/libGL.dylib
0x00007fff44cc9000 	/System/Library/Frameworks/OpenGL.framework/Versions/A/Libraries/libGLImage.dylib
0x00007fff44ca5000 	/System/Library/Frameworks/OpenGL.framework/Versions/A/Libraries/libCVMSPluginSupport.dylib
0x00007fff44cae000 	/System/Library/Frameworks/OpenGL.framework/Versions/A/Libraries/libCoreVMClient.dylib
0x00007fff618f7000 	/usr/lib/libcups.2.dylib
0x00007fff3f074000 	/System/Library/Frameworks/Kerberos.framework/Versions/A/Kerberos
0x00007fff3d83a000 	/System/Library/Frameworks/GSS.framework/Versions/A/GSS
0x00007fff629fb000 	/usr/lib/libresolv.9.dylib
0x00007fff61af5000 	/usr/lib/libiconv.2.dylib
0x00007fff54bba000 	/System/Library/PrivateFrameworks/Heimdal.framework/Versions/A/Heimdal
0x00007fff61ac4000 	/usr/lib/libheimdal-asn1.dylib
0x00007fff43b1b000 	/System/Library/Frameworks/OpenDirectory.framework/Versions/A/OpenDirectory
0x00007fff4d95a000 	/System/Library/PrivateFrameworks/CommonAuth.framework/Versions/A/CommonAuth
0x00007fff43afe000 	/System/Library/Frameworks/OpenDirectory.framework/Versions/A/Frameworks/CFOpenDirectory.framework/Versions/A/CFOpenDirectory
0x00007fff47435000 	/System/Library/Frameworks/SecurityFoundation.framework/Versions/A/SecurityFoundation
0x00007fff4a809000 	/System/Library/PrivateFrameworks/APFS.framework/Versions/A/APFS
0x00007fff62e30000 	/usr/lib/libutil.dylib
0x00007fff4b6c7000 	/System/Library/PrivateFrameworks/AppleSauce.framework/Versions/A/AppleSauce
0x00007fff55d26000 	/System/Library/PrivateFrameworks/LinguisticData.framework/Versions/A/LinguisticData
0x00007fff61e77000 	/usr/lib/libmarisa.dylib
0x00007fff55ce0000 	/System/Library/PrivateFrameworks/Lexicon.framework/Versions/A/Lexicon
0x00007fff60a74000 	/usr/lib/libChineseTokenizer.dylib
0x00007fff61139000 	/usr/lib/libcmph.dylib
0x00007fff55bea000 	/System/Library/PrivateFrameworks/LanguageModeling.framework/Versions/A/LanguageModeling
0x00007fff4e469000 	/System/Library/PrivateFrameworks/CoreEmoji.framework/Versions/A/CoreEmoji
0x00007fff474f3000 	/System/Library/Frameworks/ServiceManagement.framework/Versions/A/ServiceManagement
0x00007fff4bf11000 	/System/Library/PrivateFrameworks/BackgroundTaskManagement.framework/Versions/A/BackgroundTaskManagement
0x00007fff62f2d000 	/usr/lib/libxslt.1.dylib
0x00007fff3a8f2000 	/System/Library/Frameworks/Carbon.framework/Versions/A/Frameworks/Ink.framework/Versions/A/Ink
0x00007fff5edbe000 	/System/Library/PrivateFrameworks/TextureIO.framework/Versions/A/TextureIO
0x00007fff60f5e000 	/usr/lib/libate.dylib
0x00007fff4f543000 	/System/Library/PrivateFrameworks/CrashReporterSupport.framework/Versions/A/CrashReporterSupport
0x00007fff5c10e000 	/System/Library/PrivateFrameworks/Sharing.framework/Versions/A/Sharing
0x00007fff5592b000 	/System/Library/PrivateFrameworks/IconServices.framework/Versions/A/IconServices
0x00007fff4bb41000 	/System/Library/PrivateFrameworks/AuthKit.framework/Versions/A/AuthKit
0x00007fff4b4c7000 	/System/Library/PrivateFrameworks/Apple80211.framework/Versions/A/Apple80211
0x00007fff4f358000 	/System/Library/PrivateFrameworks/CoreUtils.framework/Versions/A/CoreUtils
0x00007fff3cf37000 	/System/Library/Frameworks/CoreWLAN.framework/Versions/A/CoreWLAN
0x00007fff3d97c000 	/System/Library/Frameworks/IOBluetooth.framework/Versions/A/IOBluetooth
0x00007fff5a5ce000 	/System/Library/PrivateFrameworks/ProtocolBuffer.framework/Versions/A/ProtocolBuffer
0x00007fff56c28000 	/System/Library/PrivateFrameworks/MobileKeyBag.framework/Versions/A/MobileKeyBag
0x00007fff4ec0d000 	/System/Library/PrivateFrameworks/CorePhoneNumbers.framework/Versions/A/CorePhoneNumbers
0x00007fff4b5ff000 	/System/Library/PrivateFrameworks/AppleIDAuthSupport.framework/Versions/A/AppleIDAuthSupport
0x00007fff55bd6000 	/System/Library/PrivateFrameworks/KeychainCircle.framework/Versions/A/KeychainCircle
0x00007fff4f4de000 	/System/Library/PrivateFrameworks/CoreWiFi.framework/Versions/A/CoreWiFi
0x00007fff3ae3d000 	/System/Library/Frameworks/CoreBluetooth.framework/Versions/A/CoreBluetooth
0x00007fff4f72d000 	/System/Library/PrivateFrameworks/DebugSymbols.framework/Versions/A/DebugSymbols
0x00007fff4f10e000 	/System/Library/PrivateFrameworks/CoreSymbolication.framework/Versions/A/CoreSymbolication
0x00007fff5e5af000 	/System/Library/PrivateFrameworks/Symbolication.framework/Versions/A/Symbolication
0x00007fff4b4f1000 	/System/Library/PrivateFrameworks/AppleFSCompression.framework/Versions/A/AppleFSCompression
0x00007fff5d9fc000 	/System/Library/PrivateFrameworks/SpeechRecognitionCore.framework/Versions/A/SpeechRecognitionCore
0x0000000103200000 	/Library/Java/JavaVirtualMachines/jdk1.8.0_181.jdk/Contents/Home/jre/lib/server/libjvm.dylib
0x00007fff62cfd000 	/usr/lib/libstdc++.6.0.9.dylib
0x00000001021ca000 	/Library/Java/JavaVirtualMachines/jdk1.8.0_181.jdk/Contents/Home/jre/lib/libverify.dylib
0x00000001041b4000 	/Library/Java/JavaVirtualMachines/jdk1.8.0_181.jdk/Contents/Home/jre/lib/libjava.dylib
0x00000001021e2000 	/Library/Java/JavaVirtualMachines/jdk1.8.0_181.jdk/Contents/Home/jre/lib/libzip.dylib
0x000000011031b000 	/Library/Java/JavaVirtualMachines/jdk1.8.0_181.jdk/Contents/Home/jre/lib/libawt.dylib
0x00000001103c5000 	/Library/Java/JavaVirtualMachines/jdk1.8.0_181.jdk/Contents/Home/jre/lib/./libmlib_image.dylib
0x00007fff3f05d000 	/System/Library/Frameworks/JavaVM.framework/Versions/A/Frameworks/JavaNativeFoundation.framework/Versions/A/JavaNativeFoundation
0x00007fff3f066000 	/System/Library/Frameworks/JavaVM.framework/Versions/A/Frameworks/JavaRuntimeSupport.framework/Versions/A/JavaRuntimeSupport
0x00007fff3f06f000 	/System/Library/Frameworks/JavaVM.framework/Versions/A/JavaVM
0x00007fff55aec000 	/System/Library/PrivateFrameworks/JavaLaunching.framework/Versions/A/JavaLaunching
0x00007fff3a5dd000 	/System/Library/Frameworks/Carbon.framework/Versions/A/Carbon
0x00007fff3a5de000 	/System/Library/Frameworks/Carbon.framework/Versions/A/Frameworks/CommonPanels.framework/Versions/A/CommonPanels
0x00007fff3a8e8000 	/System/Library/Frameworks/Carbon.framework/Versions/A/Frameworks/Help.framework/Versions/A/Help
0x00007fff3a8ec000 	/System/Library/Frameworks/Carbon.framework/Versions/A/Frameworks/ImageCapture.framework/Versions/A/ImageCapture
0x00007fff3a988000 	/System/Library/Frameworks/Carbon.framework/Versions/A/Frameworks/OpenScripting.framework/Versions/A/OpenScripting
0x00007fff3a9c3000 	/System/Library/Frameworks/Carbon.framework/Versions/A/Frameworks/Print.framework/Versions/A/Print
0x00007fff3a9c5000 	/System/Library/Frameworks/Carbon.framework/Versions/A/Frameworks/SecurityHI.framework/Versions/A/SecurityHI
0x0000000110491000 	/Library/Java/JavaVirtualMachines/jdk1.8.0_181.jdk/Contents/Home/jre/lib/libawt_lwawt.dylib
0x000000011054b000 	/Library/Java/JavaVirtualMachines/jdk1.8.0_181.jdk/Contents/Home/jre/lib/./libosxapp.dylib
0x00007fff3d3dc000 	/System/Library/Frameworks/ExceptionHandling.framework/Versions/A/ExceptionHandling
0x00007fff4eda0000 	/System/Library/PrivateFrameworks/CoreServicesInternal.framework/Versions/A/CoreServicesInternal
0x00007fff33859000 	/System/Library/CoreServices/RawCamera.bundle/Contents/MacOS/RawCamera
0x00007fff56ab1000 	/System/Library/PrivateFrameworks/MobileAsset.framework/Versions/A/MobileAsset
0x00007fff5deb6000 	/System/Library/PrivateFrameworks/StreamingZip.framework/Versions/A/StreamingZip
0x00007fff3f403000 	/System/Library/Frameworks/MediaToolbox.framework/Versions/A/MediaToolbox
0x00007fff4e0a8000 	/System/Library/PrivateFrameworks/CoreAVCHD.framework/Versions/A/CoreAVCHD
0x00007fff3f34c000 	/System/Library/Frameworks/MediaAccessibility.framework/Versions/A/MediaAccessibility
0x00007fff5652c000 	/System/Library/PrivateFrameworks/Mangrove.framework/Versions/A/Mangrove
0x00007fff3c2d5000 	/System/Library/Frameworks/CoreMedia.framework/Versions/A/CoreMedia
0x00007fff47ac1000 	/System/Library/Frameworks/VideoToolbox.framework/Versions/A/VideoToolbox
0x00007fff4dc9f000 	/System/Library/PrivateFrameworks/CoreAUC.framework/Versions/A/CoreAUC
0x00007fff62a66000 	/usr/lib/libspindump.dylib
0x00007fff4b7bc000 	/System/Library/PrivateFrameworks/AppleVA.framework/Versions/A/AppleVA
0x00007fff3781c000 	/System/Library/Frameworks/Accelerate.framework/Versions/A/Frameworks/vImage.framework/Versions/A/Libraries/libCGInterfaces.dylib
0x00007fff39a43000 	/System/Library/Frameworks/ApplicationServices.framework/Versions/A/Frameworks/ATS.framework/Versions/A/Resources/libTrueTypeScaler.dylib
0x00007fff3523c000 	/System/Library/Extensions/AppleIntelKBLGraphicsMTLDriver.bundle/Contents/MacOS/AppleIntelKBLGraphicsMTLDriver
0x00000001230fe000 	/System/Library/Extensions/AMDMTLBronzeDriver.bundle/Contents/MacOS/AMDMTLBronzeDriver
0x00007fff55534000 	/System/Library/PrivateFrameworks/IOAccelMemoryInfo.framework/Versions/A/IOAccelMemoryInfo
0x00007fff52741000 	/System/Library/PrivateFrameworks/GPUCompiler.framework/Versions/3802/Libraries/libmetal_timestamp.dylib
0x00007fff50aef000 	/System/Library/PrivateFrameworks/FamilyControls.framework/Versions/A/FamilyControls
0x00007fff4d94d000 	/System/Library/PrivateFrameworks/CommerceKit.framework/Versions/A/Frameworks/CommerceCore.framework/Versions/A/CommerceCore
0x00007fff5e8fe000 	/System/Library/PrivateFrameworks/SystemAdministration.framework/Versions/A/SystemAdministration
0x00007fff4b47a000 	/System/Library/PrivateFrameworks/AppContainer.framework/Versions/A/AppContainer
0x00007fff5bfc6000 	/System/Library/PrivateFrameworks/SecCodeWrapper.framework/Versions/A/SecCodeWrapper
0x00007fff4fa7b000 	/System/Library/PrivateFrameworks/DiskManagement.framework/Versions/A/DiskManagement
0x00007fff3d150000 	/System/Library/Frameworks/DirectoryService.framework/Versions/A/DirectoryService
0x00007fff4f9a8000 	/System/Library/PrivateFrameworks/DiskImages.framework/Versions/A/DiskImages
0x00007fff55e1d000 	/System/Library/PrivateFrameworks/LoginUIKit.framework/Versions/A/Frameworks/LoginUICore.framework/Versions/A/LoginUICore
0x00007fff60a80000 	/usr/lib/libCoreStorage.dylib
0x00007fff618eb000 	/usr/lib/libcsfde.dylib
0x00007fff6292f000 	/usr/lib/libodfde.dylib
0x00007fff5664b000 	/System/Library/PrivateFrameworks/MediaKit.framework/Versions/A/MediaKit
0x00007fff3d15c000 	/System/Library/Frameworks/DiscRecording.framework/Versions/A/DiscRecording
0x00007fff4fbf7000 	/System/Library/PrivateFrameworks/EFILogin.framework/Versions/A/EFILogin
0x00007fff5a576000 	/System/Library/PrivateFrameworks/ProtectedCloudStorage.framework/Versions/A/ProtectedCloudStorage
0x00007fff61978000 	/usr/lib/libcurl.4.dylib
0x00007fff615bf000 	/usr/lib/libcrypto.35.dylib
0x00007fff62c57000 	/usr/lib/libssl.35.dylib
0x00007fff3f08e000 	/System/Library/Frameworks/LDAP.framework/Versions/A/LDAP
0x00007fff5ef25000 	/System/Library/PrivateFrameworks/TrustEvaluationAgent.framework/Versions/A/TrustEvaluationAgent
0x00007fff62a53000 	/usr/lib/libsasl2.2.dylib
0x00007fff4e2f2000 	/System/Library/PrivateFrameworks/CoreDaemon.framework/Versions/B/CoreDaemon
0x00007fff4b6be000 	/System/Library/PrivateFrameworks/AppleSRP.framework/Versions/A/AppleSRP
0x00007fff45839000 	/System/Library/Frameworks/OpenGL.framework/Versions/A/Resources/GLEngine.bundle/GLEngine
0x00007fff44d05000 	/System/Library/Frameworks/OpenGL.framework/Versions/A/Libraries/libGLProgrammability.dylib
0x00000001246d8000 	/System/Library/Extensions/AppleIntelKBLGraphicsGLDriver.bundle/Contents/MacOS/AppleIntelKBLGraphicsGLDriver
0x00007fff53da1000 	/System/Library/PrivateFrameworks/GPUSupport.framework/Versions/A/Libraries/libGPUSupportMercury.dylib
0x0000000125893000 	/System/Library/Extensions/AMDRadeonX4000GLDriver.bundle/Contents/MacOS/AMDRadeonX4000GLDriver
0x00007fff33def000 	/System/Library/Extensions/AMDRadeonX4000GLDriver.bundle/Contents/MacOS/ATIRadeonX4000SCLib.dylib
0x00007fff459d1000 	/System/Library/Frameworks/OpenGL.framework/Versions/A/Resources/GLRendererFloat.bundle/GLRendererFloat
0x00007fff43a9a000 	/System/Library/Frameworks/OpenCL.framework/Versions/A/Libraries/libcldcpuengine.dylib
0x0000000125f85000 	/Library/Java/JavaVirtualMachines/jdk1.8.0_181.jdk/Contents/Home/jre/lib/libfontmanager.dylib
0x00000001266e1000 	/Library/Java/JavaVirtualMachines/jdk1.8.0_181.jdk/Contents/Home/jre/lib/libosxui.dylib
0x00007fff5fdb0000 	/System/Library/PrivateFrameworks/ViewBridge.framework/Versions/A/ViewBridge
0x0000000127593000 	/Library/Java/JavaVirtualMachines/jdk1.8.0_181.jdk/Contents/Home/jre/lib/libnet.dylib
0x00000001272fa000 	/Library/Java/JavaVirtualMachines/jdk1.8.0_181.jdk/Contents/Home/jre/lib/libnio.dylib
0x0000000122111000 	/private/var/folders/39/2n8f3lmx0c16kyn2kvwy0dxc0000gn/T/jogamp_0000/file_cache/jln1146472663978368230/jln2581609039525732299/libgluegen-rt.jnilib
0x0000000122115000 	/private/var/folders/39/2n8f3lmx0c16kyn2kvwy0dxc0000gn/T/jogamp_0000/file_cache/jln1146472663978368230/jln2581609039525732299/libnativewindow_awt.jnilib
0x0000000122118000 	/Library/Java/JavaVirtualMachines/jdk1.8.0_181.jdk/Contents/Home/jre/lib/libjawt.dylib
0x000000012211b000 	/private/var/folders/39/2n8f3lmx0c16kyn2kvwy0dxc0000gn/T/jogamp_0000/file_cache/jln1146472663978368230/jln2581609039525732299/libnativewindow_macosx.jnilib
0x00000001918ba000 	/private/var/folders/39/2n8f3lmx0c16kyn2kvwy0dxc0000gn/T/jogamp_0000/file_cache/jln1146472663978368230/jln2581609039525732299/libjogl_desktop.jnilib
0x0000000197bf0000 	/Library/Java/JavaVirtualMachines/jdk1.8.0_181.jdk/Contents/Home/jre/lib/libjpeg.dylib
0x00007fff607e7000 	/System/Library/PrivateFrameworks/login.framework/Versions/A/login

VM Arguments:
jvm_args: -Djava.security.policy=java.policy.applet -Dfile.encoding=UTF-8 
java_command: sun.applet.AppletViewer module1.HelloWorld1540873341993.html
java_class_path (initial): /Users/seungjaemoon/Documents/eclipse-workspace/UCSDUnfoldingMaps/build:/Users/seungjaemoon/Documents/eclipse-workspace/UCSDUnfoldingMaps/lib/core.jar:/Users/seungjaemoon/Documents/eclipse-workspace/UCSDUnfoldingMaps/lib/gluegen-rt.jar:/Users/seungjaemoon/Documents/eclipse-workspace/UCSDUnfoldingMaps/lib/jogl-all.jar:/Users/seungjaemoon/Documents/eclipse-workspace/UCSDUnfoldingMaps/lib/log4j-1.2.15.jar:/Users/seungjaemoon/Documents/eclipse-workspace/UCSDUnfoldingMaps/lib/sqlite-jdbc-3.7.2.jar:/Users/seungjaemoon/Documents/eclipse-workspace/UCSDUnfoldingMaps/lib/json4processing.jar:/Users/seungjaemoon/Documents/eclipse-workspace/UCSDUnfoldingMaps/lib/libTUIO.jar:/Users/seungjaemoon/Documents/eclipse-workspace/UCSDUnfoldingMaps/lib/unfolding.0.9.7-uscd.jar
Launcher Type: SUN_STANDARD

Environment Variables:
PATH=/usr/bin:/bin:/usr/sbin:/sbin
SHELL=/bin/bash

Signal Handlers:
SIGSEGV: [libjvm.dylib+0x5b6029], sa_mask[0]=11111111011111110111111111111111, sa_flags=SA_ONSTACK|SA_RESTART|SA_SIGINFO
SIGBUS: [libjvm.dylib+0x5b6029], sa_mask[0]=11111111011111110111111111111111, sa_flags=SA_RESTART|SA_SIGINFO
SIGFPE: [libjvm.dylib+0x48b934], sa_mask[0]=11111111011111110111111111111111, sa_flags=SA_RESTART|SA_SIGINFO
SIGPIPE: [libjvm.dylib+0x48b934], sa_mask[0]=11111111011111110111111111111111, sa_flags=SA_RESTART|SA_SIGINFO
SIGXFSZ: [libjvm.dylib+0x48b934], sa_mask[0]=11111111011111110111111111111111, sa_flags=SA_RESTART|SA_SIGINFO
SIGILL: [libjvm.dylib+0x48b934], sa_mask[0]=11111111011111110111111111111111, sa_flags=SA_RESTART|SA_SIGINFO
SIGUSR1: SIG_DFL, sa_mask[0]=00000000000000000000000000000000, sa_flags=none
SIGUSR2: [libjvm.dylib+0x48b452], sa_mask[0]=00100000000000000000000000000000, sa_flags=SA_RESTART|SA_SIGINFO
SIGHUP: [libjvm.dylib+0x489a1d], sa_mask[0]=11111111011111110111111111111111, sa_flags=SA_RESTART|SA_SIGINFO
SIGINT: [libjvm.dylib+0x489a1d], sa_mask[0]=11111111011111110111111111111111, sa_flags=SA_RESTART|SA_SIGINFO
SIGTERM: [libjvm.dylib+0x489a1d], sa_mask[0]=11111111011111110111111111111111, sa_flags=SA_RESTART|SA_SIGINFO
SIGQUIT: [libjvm.dylib+0x489a1d], sa_mask[0]=11111111011111110111111111111111, sa_flags=SA_RESTART|SA_SIGINFO


---------------  S Y S T E M  ---------------

OS:Bsduname:Darwin 17.7.0 Darwin Kernel Version 17.7.0: Thu Jun 21 22:53:14 PDT 2018; root:xnu-4570.71.2~1/RELEASE_X86_64 x86_64
rlimit: STACK 8192k, CORE 0k, NPROC 1418, NOFILE 10240, AS infinity
load average:2.24 2.10 2.09

CPU:total 8 (initial active 8) (4 cores per cpu, 2 threads per core) family 6 model 158 stepping 9, cmov, cx8, fxsr, mmx, sse, sse2, sse3, ssse3, sse4.1, sse4.2, popcnt, avx, avx2, aes, clmul, erms, rtm, 3dnowpref, lzcnt, ht, tsc, tscinvbit, bmi1, bmi2, adx

Memory: 4k page, physical 16777216k(330816k free)

/proc/meminfo:


vm_info: Java HotSpot(TM) 64-Bit Server VM (25.181-b13) for bsd-amd64 JRE (1.8.0_181-b13), built on Jul  7 2018 01:02:31 by "java_re" with gcc 4.2.1 (Based on Apple Inc. build 5658) (LLVM build 2336.11.00)

time: Mon Oct 29 21:32:06 2018
elapsed time: 584 seconds (0d 0h 9m 44s)

